Log file open, 10/23/16 13:23:09
LogInit:Display: Running engine for game: FS
LogPlatformFile: Not using cached read wrapper
LogInit:Display: RandInit(-1048821521) SRandInit(-1048821521).
LogInit: Using version manifest at CL 0 with build ID 'd82e5925-32e0-4ab9-999a-d605040ee4d1'
LogTaskGraph: Started task graph with 5 named threads and 6 total threads with 1 sets of task threads.
LogStats: Stats thread started at 8.007741
LogPluginManager: Loaded Plugin Paper2D, From C:/Users/Denis/Documents/GitHub/UnrealEngine/Engine/Plugins/2D/Paper2D/Paper2D.uplugin
LogPluginManager: Loaded Plugin LightPropagationVolume, From C:/Users/Denis/Documents/GitHub/UnrealEngine/Engine/Plugins/Blendables/LightPropagationVolume/LightPropagationVolume.uplugin
LogPluginManager: Loaded Plugin BlankPlugin, From C:/Users/Denis/Documents/GitHub/UnrealEngine/Engine/Plugins/Developer/BlankPlugin/BlankPlugin.uplugin
LogPluginManager: Loaded Plugin CodeLiteSourceCodeAccess, From C:/Users/Denis/Documents/GitHub/UnrealEngine/Engine/Plugins/Developer/CodeLiteSourceCodeAccess/CodeLiteSourceCodeAccess.uplugin
LogPluginManager: Loaded Plugin GitSourceControl, From C:/Users/Denis/Documents/GitHub/UnrealEngine/Engine/Plugins/Developer/GitSourceControl/GitSourceControl.uplugin
LogPluginManager: Loaded Plugin KDevelopSourceCodeAccess, From C:/Users/Denis/Documents/GitHub/UnrealEngine/Engine/Plugins/Developer/KDevelopSourceCodeAccess/KDevelopSourceCodeAccess.uplugin
LogPluginManager: Loaded Plugin NullSourceCodeAccess, From C:/Users/Denis/Documents/GitHub/UnrealEngine/Engine/Plugins/Developer/NullSourceCodeAccess/NullSourceCodeAccess.uplugin
LogPluginManager: Loaded Plugin OneSkyLocalizationService, From C:/Users/Denis/Documents/GitHub/UnrealEngine/Engine/Plugins/Developer/OneSkyLocalizationService/OneSkyLocalizationService.uplugin
LogPluginManager: Loaded Plugin PerforceSourceControl, From C:/Users/Denis/Documents/GitHub/UnrealEngine/Engine/Plugins/Developer/PerforceSourceControl/PerforceSourceControl.uplugin
LogPluginManager: Loaded Plugin SubversionSourceControl, From C:/Users/Denis/Documents/GitHub/UnrealEngine/Engine/Plugins/Developer/SubversionSourceControl/SubversionSourceControl.uplugin
LogPluginManager: Loaded Plugin UObjectPlugin, From C:/Users/Denis/Documents/GitHub/UnrealEngine/Engine/Plugins/Developer/UObjectPlugin/UObjectPlugin.uplugin
LogPluginManager: Loaded Plugin VisualStudioSourceCodeAccess, From C:/Users/Denis/Documents/GitHub/UnrealEngine/Engine/Plugins/Developer/VisualStudioSourceCodeAccess/VisualStudioSourceCodeAccess.uplugin
LogPluginManager: Loaded Plugin XCodeSourceCodeAccess, From C:/Users/Denis/Documents/GitHub/UnrealEngine/Engine/Plugins/Developer/XCodeSourceCodeAccess/XCodeSourceCodeAccess.uplugin
LogPluginManager: Loaded Plugin EpicSurvey, From C:/Users/Denis/Documents/GitHub/UnrealEngine/Engine/Plugins/Editor/EpicSurvey/EpicSurvey.uplugin
LogPluginManager: Loaded Plugin MacGraphicsSwitching, From C:/Users/Denis/Documents/GitHub/UnrealEngine/Engine/Plugins/Editor/MacGraphicsSwitching/MacGraphicsSwitching.uplugin
LogPluginManager: Loaded Plugin MobileLauncherProfileWizard, From C:/Users/Denis/Documents/GitHub/UnrealEngine/Engine/Plugins/Editor/MobileLauncherProfileWizard/MobileLauncherProfileWizard.uplugin
LogPluginManager: Loaded Plugin PluginBrowser, From C:/Users/Denis/Documents/GitHub/UnrealEngine/Engine/Plugins/Editor/PluginBrowser/PluginBrowser.uplugin
LogPluginManager: Loaded Plugin SpeedTreeImporter, From C:/Users/Denis/Documents/GitHub/UnrealEngine/Engine/Plugins/Editor/SpeedTreeImporter/SpeedTreeImporter.uplugin
LogPluginManager: Loaded Plugin SuperSearchEditor, From C:/Users/Denis/Documents/GitHub/UnrealEngine/Engine/Plugins/Editor/SuperSearchEditor/SuperSearchEditor.uplugin
LogPluginManager: Loaded Plugin AlembicImporter, From C:/Users/Denis/Documents/GitHub/UnrealEngine/Engine/Plugins/Experimental/AlembicImporter/AlembicImporter.uplugin
LogPluginManager: Loaded Plugin BlueprintStats, From C:/Users/Denis/Documents/GitHub/UnrealEngine/Engine/Plugins/Experimental/BlueprintStats/BlueprintStats.uplugin
LogPluginManager: Loaded Plugin CharacterAI, From C:/Users/Denis/Documents/GitHub/UnrealEngine/Engine/Plugins/Experimental/CharacterAI/CharacterAI.uplugin
LogPluginManager: Loaded Plugin CodeEditor, From C:/Users/Denis/Documents/GitHub/UnrealEngine/Engine/Plugins/Experimental/CodeEditor/CodeEditor.uplugin
LogPluginManager: Loaded Plugin CodeView, From C:/Users/Denis/Documents/GitHub/UnrealEngine/Engine/Plugins/Experimental/CodeView/CodeView.uplugin
LogPluginManager: Loaded Plugin HTML5Networking, From C:/Users/Denis/Documents/GitHub/UnrealEngine/Engine/Plugins/Experimental/HTML5Networking/HTML5Networking.uplugin
LogPluginManager: Loaded Plugin LiveEditor, From C:/Users/Denis/Documents/GitHub/UnrealEngine/Engine/Plugins/Experimental/LiveEditor/LiveEditor.uplugin
LogPluginManager: Loaded Plugin OSVR, From C:/Users/Denis/Documents/GitHub/UnrealEngine/Engine/Plugins/Experimental/OSVR/OSVR.uplugin
LogPluginManager: Loaded Plugin Phya, From C:/Users/Denis/Documents/GitHub/UnrealEngine/Engine/Plugins/Experimental/Phya/Phya.uplugin
LogPluginManager: Loaded Plugin SignificanceManager, From C:/Users/Denis/Documents/GitHub/UnrealEngine/Engine/Plugins/Experimental/SignificanceManager/SignificanceManager.uplugin
LogPluginManager: Loaded Plugin SimpleHMD, From C:/Users/Denis/Documents/GitHub/UnrealEngine/Engine/Plugins/Experimental/SimpleHMD/SimpleHMD.uplugin
LogPluginManager: Loaded Plugin StereoPanorama, From C:/Users/Denis/Documents/GitHub/UnrealEngine/Engine/Plugins/Experimental/StereoPanorama/StereoPanorama.uplugin
LogPluginManager: Loaded Plugin StructBox, From C:/Users/Denis/Documents/GitHub/UnrealEngine/Engine/Plugins/Experimental/StructBox/StructBox.uplugin
LogPluginManager: Loaded Plugin AndroidMedia, From C:/Users/Denis/Documents/GitHub/UnrealEngine/Engine/Plugins/Media/AndroidMedia/AndroidMedia.uplugin
LogPluginManager: Loaded Plugin AvfMedia, From C:/Users/Denis/Documents/GitHub/UnrealEngine/Engine/Plugins/Media/AvfMedia/AvfMedia.uplugin
LogPluginManager: Loaded Plugin MediaPlayerEditor, From C:/Users/Denis/Documents/GitHub/UnrealEngine/Engine/Plugins/Media/MediaPlayerEditor/MediaPlayerEditor.uplugin
LogPluginManager: Loaded Plugin WmfMedia, From C:/Users/Denis/Documents/GitHub/UnrealEngine/Engine/Plugins/Media/WmfMedia/WmfMedia.uplugin
LogPluginManager: Loaded Plugin MessagingDebugger, From C:/Users/Denis/Documents/GitHub/UnrealEngine/Engine/Plugins/Messaging/MessagingDebugger/MessagingDebugger.uplugin
LogPluginManager: Loaded Plugin TcpMessaging, From C:/Users/Denis/Documents/GitHub/UnrealEngine/Engine/Plugins/Messaging/TcpMessaging/TcpMessaging.uplugin
LogPluginManager: Loaded Plugin UdpMessaging, From C:/Users/Denis/Documents/GitHub/UnrealEngine/Engine/Plugins/Messaging/UdpMessaging/UdpMessaging.uplugin
LogPluginManager: Loaded Plugin LevelSequenceEditor, From C:/Users/Denis/Documents/GitHub/UnrealEngine/Engine/Plugins/MovieScene/LevelSequenceEditor/LevelSequenceEditor.uplugin
LogPluginManager: Loaded Plugin MatineeToLevelSequence, From C:/Users/Denis/Documents/GitHub/UnrealEngine/Engine/Plugins/MovieScene/MatineeToLevelSequence/MatineeToLevelSequence.uplugin
LogPluginManager: Loaded Plugin NetcodeUnitTest, From C:/Users/Denis/Documents/GitHub/UnrealEngine/Engine/Plugins/NetcodeUnitTest/NetcodeUnitTest/NetcodeUnitTest.uplugin
LogPluginManager: Loaded Plugin NUTUnrealEngine4, From C:/Users/Denis/Documents/GitHub/UnrealEngine/Engine/Plugins/NetcodeUnitTest/NUTUnrealEngine4/NUTUnrealEngine4.uplugin
LogPluginManager: Loaded Plugin OnlineSubsystemGooglePlay, From C:/Users/Denis/Documents/GitHub/UnrealEngine/Engine/Plugins/Online/Android/OnlineSubsystemGooglePlay/OnlineSubsystemGooglePlay.uplugin
LogPluginManager: Loaded Plugin OnlineSubsystemIOS, From C:/Users/Denis/Documents/GitHub/UnrealEngine/Engine/Plugins/Online/IOS/OnlineSubsystemIOS/OnlineSubsystemIOS.uplugin
LogPluginManager: Loaded Plugin OnlineFramework, From C:/Users/Denis/Documents/GitHub/UnrealEngine/Engine/Plugins/Online/OnlineFramework/OnlineFramework.uplugin
LogPluginManager: Loaded Plugin OnlineSubsystem, From C:/Users/Denis/Documents/GitHub/UnrealEngine/Engine/Plugins/Online/OnlineSubsystem/OnlineSubsystem.uplugin
LogPluginManager: Loaded Plugin OnlineSubsystemAmazon, From C:/Users/Denis/Documents/GitHub/UnrealEngine/Engine/Plugins/Online/OnlineSubsystemAmazon/OnlineSubsystemAmazon.uplugin
LogPluginManager: Loaded Plugin OnlineSubsystemFacebook, From C:/Users/Denis/Documents/GitHub/UnrealEngine/Engine/Plugins/Online/OnlineSubsystemFacebook/OnlineSubsystemFacebook.uplugin
LogPluginManager: Loaded Plugin OnlineSubsystemNull, From C:/Users/Denis/Documents/GitHub/UnrealEngine/Engine/Plugins/Online/OnlineSubsystemNull/OnlineSubsystemNull.uplugin
LogPluginManager: Loaded Plugin OnlineSubsystemOculus, From C:/Users/Denis/Documents/GitHub/UnrealEngine/Engine/Plugins/Online/OnlineSubsystemOculus/OnlineSubsystemOculus.uplugin
LogPluginManager: Loaded Plugin OnlineSubsystemSteam, From C:/Users/Denis/Documents/GitHub/UnrealEngine/Engine/Plugins/Online/OnlineSubsystemSteam/OnlineSubsystemSteam.uplugin
LogPluginManager: Loaded Plugin OnlineSubsystemUtils, From C:/Users/Denis/Documents/GitHub/UnrealEngine/Engine/Plugins/Online/OnlineSubsystemUtils/OnlineSubsystemUtils.uplugin
LogPluginManager: Loaded Plugin IOSTapJoy, From C:/Users/Denis/Documents/GitHub/UnrealEngine/Engine/Plugins/Runtime/Advertising/IOSTapJoy/IOSTapJoy.uplugin
LogPluginManager: Loaded Plugin AnalyticsBlueprintLibrary, From C:/Users/Denis/Documents/GitHub/UnrealEngine/Engine/Plugins/Runtime/Analytics/AnalyticsBlueprintLibrary/AnalyticsBlueprintLibrary.uplugin
LogPluginManager: Loaded Plugin AnalyticsMulticast, From C:/Users/Denis/Documents/GitHub/UnrealEngine/Engine/Plugins/Runtime/Analytics/AnalyticsMulticast/AnalyticsMulticast.uplugin
LogPluginManager: Loaded Plugin Apsalar, From C:/Users/Denis/Documents/GitHub/UnrealEngine/Engine/Plugins/Runtime/Analytics/Apsalar/Apsalar.uplugin
LogPluginManager: Loaded Plugin FileLogging, From C:/Users/Denis/Documents/GitHub/UnrealEngine/Engine/Plugins/Runtime/Analytics/FileLogging/FileLogging.uplugin
LogPluginManager: Loaded Plugin Flurry, From C:/Users/Denis/Documents/GitHub/UnrealEngine/Engine/Plugins/Runtime/Analytics/Flurry/Flurry.uplugin
LogPluginManager: Loaded Plugin AndroidDeviceProfileSelector, From C:/Users/Denis/Documents/GitHub/UnrealEngine/Engine/Plugins/Runtime/AndroidDeviceProfileSelector/AndroidDeviceProfileSelector.uplugin
LogPluginManager: Loaded Plugin AndroidMoviePlayer, From C:/Users/Denis/Documents/GitHub/UnrealEngine/Engine/Plugins/Runtime/AndroidMoviePlayer/AndroidMoviePlayer.uplugin
LogPluginManager: Loaded Plugin AppleMoviePlayer, From C:/Users/Denis/Documents/GitHub/UnrealEngine/Engine/Plugins/Runtime/AppleMoviePlayer/AppleMoviePlayer.uplugin
LogPluginManager: Loaded Plugin ArchVisCharacter, From C:/Users/Denis/Documents/GitHub/UnrealEngine/Engine/Plugins/Runtime/ArchVisCharacter/ArchVisCharacter.uplugin
LogPluginManager: Loaded Plugin CableComponent, From C:/Users/Denis/Documents/GitHub/UnrealEngine/Engine/Plugins/Runtime/CableComponent/CableComponent.uplugin
LogPluginManager: Loaded Plugin CustomMeshComponent, From C:/Users/Denis/Documents/GitHub/UnrealEngine/Engine/Plugins/Runtime/CustomMeshComponent/CustomMeshComponent.uplugin
LogPluginManager: Loaded Plugin ExampleDeviceProfileSelector, From C:/Users/Denis/Documents/GitHub/UnrealEngine/Engine/Plugins/Runtime/ExampleDeviceProfileSelector/ExampleDeviceProfileSelector.uplugin
LogPluginManager: Loaded Plugin GearVR, From C:/Users/Denis/Documents/GitHub/UnrealEngine/Engine/Plugins/Runtime/GearVR/GearVR.uplugin
LogPluginManager: Loaded Plugin GoogleVRController, From C:/Users/Denis/Documents/GitHub/UnrealEngine/Engine/Plugins/Runtime/GoogleVR/GoogleVRController/GoogleVRController.uplugin
LogPluginManager: Loaded Plugin GoogleVRHMD, From C:/Users/Denis/Documents/GitHub/UnrealEngine/Engine/Plugins/Runtime/GoogleVR/GoogleVRHMD/GoogleVRHMD.uplugin
LogPluginManager: Loaded Plugin IOSDeviceProfileSelector, From C:/Users/Denis/Documents/GitHub/UnrealEngine/Engine/Plugins/Runtime/IOSDeviceProfileSelector/IOSDeviceProfileSelector.uplugin
LogPluginManager: Loaded Plugin LeapMotion, From C:/Users/Denis/Documents/GitHub/UnrealEngine/Engine/Plugins/Runtime/LeapMotion/LeapMotion.uplugin
LogPluginManager: Loaded Plugin LinuxDeviceProfileSelector, From C:/Users/Denis/Documents/GitHub/UnrealEngine/Engine/Plugins/Runtime/LinuxDeviceProfileSelector/LinuxDeviceProfileSelector.uplugin
LogPluginManager: Loaded Plugin LiveEditorListenServer, From C:/Users/Denis/Documents/GitHub/UnrealEngine/Engine/Plugins/Runtime/LiveEditorListenServer/LiveEditorListenServer.uplugin
LogPluginManager: Loaded Plugin OculusAudio, From C:/Users/Denis/Documents/GitHub/UnrealEngine/Engine/Plugins/Runtime/OculusAudio/OculusAudio.uplugin
LogPluginManager: Loaded Plugin OculusInput, From C:/Users/Denis/Documents/GitHub/UnrealEngine/Engine/Plugins/Runtime/OculusInput/OculusInput.uplugin
LogPluginManager: Loaded Plugin OculusLibrary, From C:/Users/Denis/Documents/GitHub/UnrealEngine/Engine/Plugins/Runtime/OculusLibrary/OculusLibrary.uplugin
LogPluginManager: Loaded Plugin OculusRift, From C:/Users/Denis/Documents/GitHub/UnrealEngine/Engine/Plugins/Runtime/OculusRift/OculusRift.uplugin
LogPluginManager: Loaded Plugin Oodle, From C:/Users/Denis/Documents/GitHub/UnrealEngine/Engine/Plugins/Runtime/PacketHandlers/CompressionComponents/Oodle/Oodle.uplugin
LogPluginManager: Loaded Plugin ProceduralMeshComponent, From C:/Users/Denis/Documents/GitHub/UnrealEngine/Engine/Plugins/Runtime/ProceduralMeshComponent/ProceduralMeshComponent.uplugin
LogPluginManager: Loaded Plugin SoundMod, From C:/Users/Denis/Documents/GitHub/UnrealEngine/Engine/Plugins/Runtime/SoundMod/SoundMod.uplugin
LogPluginManager: Loaded Plugin SoundVisualizations, From C:/Users/Denis/Documents/GitHub/UnrealEngine/Engine/Plugins/Runtime/SoundVisualizations/SoundVisualizations.uplugin
LogPluginManager: Loaded Plugin SteamController, From C:/Users/Denis/Documents/GitHub/UnrealEngine/Engine/Plugins/Runtime/Steam/SteamController/SteamController.uplugin
LogPluginManager: Loaded Plugin SteamVR, From C:/Users/Denis/Documents/GitHub/UnrealEngine/Engine/Plugins/Runtime/Steam/SteamVR/SteamVR.uplugin
LogPluginManager: Loaded Plugin TwitchLiveStreaming, From C:/Users/Denis/Documents/GitHub/UnrealEngine/Engine/Plugins/Runtime/TwitchLiveStreaming/TwitchLiveStreaming.uplugin
LogPluginManager: Loaded Plugin WebBrowserWidget, From C:/Users/Denis/Documents/GitHub/UnrealEngine/Engine/Plugins/Runtime/WebBrowserWidget/WebBrowserWidget.uplugin
LogPluginManager: Loaded Plugin WindowsDeviceProfileSelector, From C:/Users/Denis/Documents/GitHub/UnrealEngine/Engine/Plugins/Runtime/WindowsDeviceProfileSelector/WindowsDeviceProfileSelector.uplugin
LogPluginManager: Loaded Plugin WindowsMoviePlayer, From C:/Users/Denis/Documents/GitHub/UnrealEngine/Engine/Plugins/Runtime/WindowsMoviePlayer/WindowsMoviePlayer.uplugin
LogPluginManager: Loaded Plugin ScriptPlugin, From C:/Users/Denis/Documents/GitHub/UnrealEngine/Engine/Plugins/ScriptPlugin/ScriptPlugin.uplugin
LogPluginManager: Loaded Plugin SlateRemote, From C:/Users/Denis/Documents/GitHub/UnrealEngine/Engine/Plugins/Slate/SlateRemote/SlateRemote.uplugin
LogModuleManager:Warning: No filename provided for module XMPP
LogModuleManager:Warning: ModuleManager: Unable to load module 'XMPP' because the file 'C:/Users/Denis/Documents/GitHub/UnrealEngine/Engine/Binaries/Win64/' was not found.
LogInit: Using libcurl 7.47.1
LogInit:  - built for x86_64-pc-win32
LogInit:  - supports SSL with WinSSL
LogInit:  - other features:
LogInit:      CURL_VERSION_SSL
LogInit:      CURL_VERSION_IPV6
LogInit:      CURL_VERSION_ASYNCHDNS
LogInit:      CURL_VERSION_LARGEFILE
LogInit:      CURL_VERSION_IDN
LogInit:  CurlRequestOptions (configurable via config and command line):
LogInit:  - bVerifyPeer = false  - Libcurl will NOT verify peer certificate
LogInit:  - bUseHttpProxy = false  - Libcurl will NOT use HTTP proxy
LogInit:  - bDontReuseConnections = false  - Libcurl will reuse connections
LogInit:  - CertBundlePath = nullptr  - Libcurl will use whatever was configured at build time.
LogInit: Build: UE4-CL-0
LogInit: Engine Version: 4.13.1-0+UE4
LogInit: Compatible Engine Version: 4.13.0-0+UE4
LogInit: Net CL: 0
LogDevObjectVersion: Number of dev versions registered: 13
LogDevObjectVersion:   Dev-Blueprints (B0D832E4-1F89-4F0D-ACCF-7EB736FD4AA2): 5
LogDevObjectVersion:   Dev-Build (E1C64328-A22C-4D53-A36C-8E866417BD8C): 0
LogDevObjectVersion:   Dev-Core (375EC13C-06E4-48FB-B500-84F0262A717E): 1
LogDevObjectVersion:   Dev-Editor (E4B068ED-F494-42E9-A231-DA0B2E46BB41): 6
LogDevObjectVersion:   Dev-Framework (CFFC743F-43B0-4480-9391-14DF171D2073): 12
LogDevObjectVersion:   Dev-Mobile (B02B49B5-BB20-44E9-A304-32B752E40360): 0
LogDevObjectVersion:   Dev-Networking (A4E4105C-59A1-49B5-A7C5-40C4547EDFEE): 0
LogDevObjectVersion:   Dev-Online (39C831C9-5AE6-47DC-9A44-9C173E1C8E7C): 0
LogDevObjectVersion:   Dev-Physics (78F01B33-EBEA-4F98-B9B4-84EACCB95AA2): 0
LogDevObjectVersion:   Dev-Platform (6631380F-2D4D-43E0-8009-CF276956A95A): 0
LogDevObjectVersion:   Dev-Rendering (12F88B9F-8875-4AFC-A67C-D90C383ABD29): 4
LogDevObjectVersion:   Dev-Sequencer (7B5AE74C-D270-4C10-A958-57980B212A5A): 0
LogDevObjectVersion:   Dev-VR (D7296918-1DD6-4BDD-9DE2-64A83CC13884): 0
LogInit: Compiled (64-bit): Oct 15 2016 00:24:08
LogInit: Compiled with Visual C++: 19.00.24215.01
LogInit: Build Configuration: Development
LogInit: Branch Name: UE4
LogInit: Command line: 
LogInit: Base directory: C:/Users/Denis/Documents/GitHub/UnrealEngine/Engine/Binaries/Win64/
LogInit: Installed Engine Build: 0
LogInit: Presizing for max 8388607 objects, including 0 objects not considered by GC, pre-allocating 0 bytes for permanent pool.
LogInit: Object subsystem initialized
[2016.10.23-10.23.11:017][  0]LogInit: Selected Device Profile: [Windows]
[2016.10.23-10.23.11:017][  0]LogInit: Applying CVar settings loaded from the selected device profile: [Windows]
[2016.10.23-10.23.11:150][  0]LogInit: Computer: DENIS-ПК
[2016.10.23-10.23.11:150][  0]LogInit: User: Denis
[2016.10.23-10.23.11:150][  0]LogInit: CPU Page size=65536, Cores=2
[2016.10.23-10.23.11:150][  0]LogInit: High frequency timer resolution =1.851328 MHz
[2016.10.23-10.23.11:151][  0]LogMemory: Memory total: Physical=5.9GB (6GB approx)
[2016.10.23-10.23.11:151][  0]LogMemory: Platform Memory Stats for Windows
[2016.10.23-10.23.11:151][  0]LogMemory: Process Physical Memory: 255.48 MB used, 255.48 MB peak
[2016.10.23-10.23.11:151][  0]LogMemory: Process Virtual Memory: 261.07 MB used, 261.07 MB peak
[2016.10.23-10.23.11:151][  0]LogMemory: Physical Memory: 5655.53 MB used, 6036.36 MB total
[2016.10.23-10.23.11:151][  0]LogMemory: Virtual Memory: 576.96 MB used, 8388608.00 MB total
[2016.10.23-10.23.22:719][  0]LogTextLocalizationManager: No translations for ('uk-UA') exist, falling back to 'en' for localization and internationalization data.
[2016.10.23-10.23.42:489][  0]LogD3D11RHI: D3D11 adapters:
[2016.10.23-10.23.43:875][  0]LogD3D11RHI:    0. 'NVIDIA GeForce GT 740M         ' (Feature Level 11_0)
[2016.10.23-10.23.43:875][  0]LogD3D11RHI:       1996/0/2048 MB DedicatedVideo/DedicatedSystem/SharedSystem, Outputs:1, VendorId:0x10de
[2016.10.23-10.23.43:902][  0]LogD3D11RHI:    1. 'NVIDIA GeForce GT 740M         ' (Feature Level 11_0)
[2016.10.23-10.23.43:902][  0]LogD3D11RHI:       1996/0/2048 MB DedicatedVideo/DedicatedSystem/SharedSystem, Outputs:0, VendorId:0x10de
[2016.10.23-10.23.43:902][  0]LogD3D11RHI: Chosen D3D11 Adapter: 0
[2016.10.23-10.23.43:915][  0]LogD3D11RHI: Creating new Direct3DDevice
[2016.10.23-10.23.43:915][  0]LogD3D11RHI:     GPU DeviceId: 0x1292 (for the marketing name, search the web for "GPU Device Id")
[2016.10.23-10.23.43:915][  0]LogWindows: EnumDisplayDevices:
[2016.10.23-10.23.43:915][  0]LogWindows:    0. 'Intel(R) HD Graphics 4000' (P:1 D:1)
[2016.10.23-10.23.43:916][  0]LogWindows:    1. 'Intel(R) HD Graphics 4000' (P:0 D:0)
[2016.10.23-10.23.43:916][  0]LogWindows:    2. 'Intel(R) HD Graphics 4000' (P:0 D:0)
[2016.10.23-10.23.43:916][  0]LogWindows:    3. 'NVIDIA GeForce GT 740M         ' (P:0 D:0)
[2016.10.23-10.23.43:917][  0]LogWindows:    4. 'RDPDD Chained DD' (P:0 D:0)
[2016.10.23-10.23.43:917][  0]LogWindows:    5. 'RDP Encoder Mirror Driver' (P:0 D:0)
[2016.10.23-10.23.43:917][  0]LogWindows:    6. 'RDP Reflector Display Driver' (P:0 D:0)
[2016.10.23-10.23.43:917][  0]LogWindows: DebugString: PrimaryIsNotTheChoosenAdapter PrimaryIsNotTheChoosenAdapter PrimaryIsNotTheChoosenAdapter GetVideoDriverDetailsInvalid PrimaryIsNotTheChoosenAdapter GetVideoDriverDetailsInvalid PrimaryIsNotTheChoosenAdapter GetVideoDriverDetailsInvalid PrimaryIsNotTheChoosenAdapter 
[2016.10.23-10.23.43:917][  0]LogD3D11RHI:     Adapter Name: NVIDIA GeForce GT 740M         
[2016.10.23-10.23.43:917][  0]LogD3D11RHI:   Driver Version: 361.75 (internal:10.18.13.6175, unified:361.75)
[2016.10.23-10.23.43:917][  0]LogD3D11RHI:      Driver Date: 1-22-2016
[2016.10.23-10.23.43:917][  0]LogRHI: Texture pool is 1361 MB (70% of 1945 MB)
[2016.10.23-10.23.43:936][  0]LogD3D11RHI: Async texture creation enabled
[2016.10.23-10.23.43:955][  0]LogD3D11RHI: GPU Timing Frequency: 1000.000000 (Debug: 2 2)
[2016.10.23-10.23.43:956][  0]LogShaderCompilers: Guid format shader working directory is -6 characters bigger than the processId version (../../../../../Unreal Projects/ForbiddenSorcery 4.13/Intermediate/Shaders/WorkingDirectory/6300/).
[2016.10.23-10.23.43:956][  0]LogShaderCompilers: Cleaned the shader compiler working directory 'C:/Users/Denis/AppData/Local/Temp/UnrealShaderWorkingDir/DFA2820542A37C5E77CFFAA7D9716CD2/'.
[2016.10.23-10.23.43:956][  0]LogShaderCompilers:Display: Using Local Shader Compiler.
[2016.10.23-10.23.51:133][  0]LogTemp:Display: Loaded TP WindowsTargetPlatform
[2016.10.23-10.23.51:150][  0]LogTemp:Display: Loaded TP WindowsNoEditorTargetPlatform
[2016.10.23-10.23.51:164][  0]LogTemp:Display: Loaded TP WindowsServerTargetPlatform
[2016.10.23-10.23.51:180][  0]LogTemp:Display: Loaded TP WindowsClientTargetPlatform
[2016.10.23-10.23.51:196][  0]LogTemp:Display: Loaded TP AllDesktopTargetPlatform
[2016.10.23-10.23.51:230][  0]LogTemp:Display: Loaded TP AndroidTargetPlatform
[2016.10.23-10.23.51:245][  0]LogTemp:Display: Loaded TP Android_PVRTCTargetPlatform
[2016.10.23-10.23.51:260][  0]LogTemp:Display: Loaded TP Android_ATCTargetPlatform
[2016.10.23-10.23.51:274][  0]LogTemp:Display: Loaded TP Android_DXTTargetPlatform
[2016.10.23-10.23.51:288][  0]LogTemp:Display: Loaded TP Android_ETC1TargetPlatform
[2016.10.23-10.23.51:302][  0]LogTemp:Display: Loaded TP Android_ETC2TargetPlatform
[2016.10.23-10.23.51:317][  0]LogTemp:Display: Loaded TP Android_ASTCTargetPlatform
[2016.10.23-10.23.51:333][  0]LogTemp:Display: Loaded TP Android_MultiTargetPlatform
[2016.10.23-10.23.51:339][  0]LogTemp:Display: Loaded TP HTML5TargetPlatform
[2016.10.23-10.23.51:397][  0]LogTemp:Display: Loaded TP IOSTargetPlatform
[2016.10.23-10.23.51:408][  0]LogTemp:Display: Loaded TP TVOSTargetPlatform
[2016.10.23-10.23.51:408][  0]LogTargetPlatformManager:Display: Building Assets For Windows
[2016.10.23-10.23.52:512][  0]LogDerivedDataCache:Display: Max Cache Size: 512 MB
[2016.10.23-10.23.53:737][  0]LogDerivedDataCache: Loaded boot cache 1.22s 62MB ../../../../../Unreal Projects/ForbiddenSorcery 4.13/DerivedDataCache/Boot.ddc.
[2016.10.23-10.23.53:738][  0]LogDerivedDataCache:Display: Loaded Boot cache: ../../../../../Unreal Projects/ForbiddenSorcery 4.13/DerivedDataCache/Boot.ddc
[2016.10.23-10.23.53:738][  0]LogDerivedDataCache: FDerivedDataBackendGraph:  Pak pak cache file ../../../../../Unreal Projects/ForbiddenSorcery 4.13/DerivedDataCache/DDC.ddp not found, will not use a pak cache.
[2016.10.23-10.23.53:738][  0]LogDerivedDataCache: Unable to find inner node Pak for hierarchical cache Hierarchy.
[2016.10.23-10.23.53:738][  0]LogDerivedDataCache: FDerivedDataBackendGraph:  EnginePak pak cache file ../../../Engine/DerivedDataCache/DDC.ddp not found, will not use a pak cache.
[2016.10.23-10.23.53:738][  0]LogDerivedDataCache: Unable to find inner node EnginePak for hierarchical cache Hierarchy.
[2016.10.23-10.23.53:756][  0]LogDerivedDataCache: Using Local data cache path ../../../Engine/DerivedDataCache: Writable
[2016.10.23-10.23.53:756][  0]LogDerivedDataCache: Shared data cache path not found in *engine.ini, will not use an Shared cache.
[2016.10.23-10.23.53:756][  0]LogDerivedDataCache: Unable to find inner node Shared for hierarchical cache Hierarchy.
[2016.10.23-10.24.03:355][  0]LogInit: Selected Device Profile: [Windows]
[2016.10.23-10.24.03:358][  0]LogMaterial: Uniform references updated for custom material expression Custom.
[2016.10.23-10.24.03:399][  0]LogContentStreaming: Texture pool size is 0.00 MB
[2016.10.23-10.24.03:908][  0]LogMeshUtilities: No automatic mesh reduction module available
[2016.10.23-10.24.03:908][  0]LogMeshUtilities: No automatic mesh merging module available
[2016.10.23-10.24.03:908][  0]LogMeshUtilities: No distributed automatic mesh merging module available
[2016.10.23-10.24.05:489][  0]LogNetVersion: GetLocalNetworkVersion: CL: 0, ProjectName: fs, ProjectVersion: , EngineNetworkVersion: 1, GameNetworkVersion: 0, NetworkChecksum: 420871340
[2016.10.23-10.24.05:651][  0]LogAssetRegistry: FAssetRegistry took 0.0547 seconds to start up
[2016.10.23-10.24.05:751][  0]LogPackageLocalizationCache: Processed 3 localized package path(s) for 1 prioritized culture(s) in 0.093741 seconds
[2016.10.23-10.24.05:762][  0]LogUObjectArray: 29770 objects as part of root set at end of initial load.
[2016.10.23-10.24.05:762][  0]LogUObjectAllocator: 6123640 out of 0 bytes used by permanent object pool.
[2016.10.23-10.24.05:762][  0]LogUObjectArray: CloseDisregardForGC: 0/0 objects in disregard for GC pool
[2016.10.23-10.24.05:776][  0]LogInit: WinSock: version 1.1 (2.2), MaxSocks=32767, MaxUdp=65467
[2016.10.23-10.24.12:699][  0]LogSlate: SlateFontCache - WITH_FREETYPE: 1, WITH_HARFBUZZ: 1
[2016.10.23-10.24.12:699][  0]LogSlate: SlateFontCache - WITH_FREETYPE: 1, WITH_HARFBUZZ: 1
[2016.10.23-10.24.44:110][  0]LogTcpMessaging: Initializing TcpMessaging bridge
[2016.10.23-10.24.44:161][  0]LogUdpMessaging: Initializing bridge on interface 0.0.0.0:0 to multicast group 230.0.0.1:6666.
[2016.10.23-10.24.45:495][  0]SourceControl: Info Source control is disabled
[2016.10.23-10.24.53:968][  0]LogEngine: Initializing Engine...
[2016.10.23-10.24.53:969][  0]LogHMD: Failed to initialize OpenVR with code 110
[2016.10.23-10.24.54:386][  0]LogAIModule: Creating AISystem for world Untitled
[2016.10.23-10.24.54:516][  0]LogInit: XAudio2 using 'Динамики (Устройство с поддержкой High Definition Audio)' : 2 channels at 44.1 kHz using 16 bits per sample (channel mask 0x3)
[2016.10.23-10.24.54:546][  0]LogInit: FAudioDevice initialized.
[2016.10.23-10.24.54:618][  0]LogDerivedDataCache: Saved boot cache 0.07s 62MB ../../../../../Unreal Projects/ForbiddenSorcery 4.13/DerivedDataCache/Boot.ddc.
[2016.10.23-10.24.54:631][  0]LogInit: Texture streaming: Enabled
[2016.10.23-10.24.54:832][  0]LogInit: Transaction tracking system initialized
[2016.10.23-10.24.54:964][  0]BlueprintLog: New page: Editor Load
[2016.10.23-10.24.55:773][  0]LocalizationService: Info Localization service is disabled
[2016.10.23-10.24.57:185][  0]LogConsoleResponse:Display: 
[2016.10.23-10.25.00:667][  0]LogFileCache: Scanning file cache for directory 'C:/Users/Denis/Documents/Unreal Projects/ForbiddenSorcery 4.13/Content/' took 0.15s
[2016.10.23-10.25.00:667][  0]LogCook:Display: Max memory allowance for cook 16384mb min free memory 0mb
[2016.10.23-10.25.00:667][  0]LogCook:Display: Mobile HDR setting 1
[2016.10.23-10.25.05:413][  0]Cmd: MAP LOAD FILE="../../../../../Unreal Projects/ForbiddenSorcery 4.13/Content/StarterContent/Maps/Minimal_Default.umap" TEMPLATE=0 SHOWPROGRESS=1 FEATURELEVEL=3
[2016.10.23-10.25.05:490][  0]LightingResults: New page: Lighting Build
[2016.10.23-10.25.05:496][  0]MapCheck: New page: Map Check
[2016.10.23-10.25.05:496][  0]LightingResults: New page: Lighting Build
[2016.10.23-10.25.13:246][  0]LogAIModule: Creating AISystem for world Minimal_Default
[2016.10.23-10.25.13:647][  0]LogEditorServer: Finished looking for orphan Actors (0.000 secs)
[2016.10.23-10.25.13:691][  0]Cmd: MAP CHECKDEP NOCLEARLOG
[2016.10.23-10.25.13:780][  0]MapCheck: Info Map check complete: 0 Error(s), 0 Warning(s), took 88.458ms to complete.
[2016.10.23-10.25.13:780][  0]LogFileHelpers: Loading map 'Minimal_Default' took 8.368
[2016.10.23-10.25.21:498][  0]LogCollectionManager: Loaded 0 collections in 0.003278 seconds
[2016.10.23-10.25.21:802][  0]LogFileCache: Scanning file cache for directory 'C:/Users/Denis/Documents/Unreal Projects/ForbiddenSorcery 4.13/Saved/Collections/' took 0.01s
[2016.10.23-10.25.21:802][  0]LogFileCache: Scanning file cache for directory 'C:/Users/Denis/Documents/Unreal Projects/ForbiddenSorcery 4.13/Content/Developers/Denis/Collections/' took 0.01s
[2016.10.23-10.25.21:802][  0]LogFileCache: Scanning file cache for directory 'C:/Users/Denis/Documents/Unreal Projects/ForbiddenSorcery 4.13/Content/Collections/' took 0.01s
[2016.10.23-10.25.21:802][  0]LogCollectionManager: Rebuilt the GUID cache for 0 collections in 0.000005 seconds
[2016.10.23-10.25.21:836][  0]LogContentBrowser: Native class hierarchy populated in 0.0273 seconds. Added 2140 classes and 413 folders.
[2016.10.23-10.25.22:019][  0]LogStats: UGameplayTagsManager::ConstructGameplayTagTree: Construct from data asset -  0.000 s
[2016.10.23-10.25.22:019][  0]LogStats: UGameplayTagsManager::ConstructGameplayTagTree: GameplayTagTreeChangedEvent.Broadcast -  0.000 s
[2016.10.23-10.25.22:021][  0]LogContentBrowser: Native class hierarchy updated for 'GameplayTags' in 0.0016 seconds. Added 12 classes and 0 folders.
[2016.10.23-10.25.22:309][  0]LogContentBrowser: Native class hierarchy updated for 'WidgetCarousel' in 0.0011 seconds. Added 0 classes and 0 folders.
[2016.10.23-10.25.22:819][  0]LogFeaturePack:Warning: Error in Feature pack C:/Users/Denis/Documents/GitHub/UnrealEngine/FeaturePacks/TP_VirtualRealityBP.upack. Failed to parse manifest: Comma token expected, but not found. Line: 31 Ch: 13
[2016.10.23-10.25.24:645][  0]LogContentBrowser: Native class hierarchy updated for 'AddContentDialog' in 0.0012 seconds. Added 0 classes and 0 folders.
[2016.10.23-10.25.24:780][  0]LogContentBrowser: Native class hierarchy updated for 'SceneOutliner' in 0.0010 seconds. Added 1 classes and 2 folders.
[2016.10.23-10.25.25:673][  0]LogCrashTracker: Crashtracker disabled due to settings.
[2016.10.23-10.25.26:058][  0]LogUObjectGlobals:Warning: Failed to find object 'Class None.'
[2016.10.23-10.25.26:243][  0]LogContentBrowser: Native class hierarchy updated for 'HierarchicalLODOutliner' in 0.0012 seconds. Added 1 classes and 2 folders.
[2016.10.23-10.25.26:243][  0]LogLoad: (Engine Initialization) Total time: 159.21 seconds
[2016.10.23-10.25.26:243][  0]LogLoad: (Engine Initialization) Total Blueprint compile time: 0.59 seconds
[2016.10.23-10.25.26:243][  0]LogExternalProfiler: No external profilers were discovered.  External profiling features will not be available.
[2016.10.23-10.25.26:593][  0]LogOcInput: OculusInput pre-init called
[2016.10.23-10.25.27:149][  0]SourceControl: Info On branch master
[2016.10.23-10.25.27:149][  0]SourceControl: Info Your branch is up-to-date with 'origin/master'.
[2016.10.23-10.25.27:149][  0]SourceControl: Info Changes not staged for commit:
[2016.10.23-10.25.27:149][  0]SourceControl: Info   (use "git add/rm <file>..." to update what will be committed)
[2016.10.23-10.25.27:150][  0]SourceControl: Info   (use "git checkout -- <file>..." to discard changes in working directory)
[2016.10.23-10.25.27:150][  0]SourceControl: Info 	modified:   Intermediate/CachedAssetRegistry.bin
[2016.10.23-10.25.27:150][  0]SourceControl: Info 	modified:   Saved/Config/Windows/Engine.ini
[2016.10.23-10.25.27:150][  0]SourceControl: Info 	modified:   Saved/Logs/FS.log
[2016.10.23-10.25.27:150][  0]SourceControl: Info 	deleted:    Saved/Logs/UE4CC-Windows-1D160CF04E3AC630F536B0AF4800F892/CrashReportClient.ini
[2016.10.23-10.25.27:150][  0]SourceControl: Info Untracked files:
[2016.10.23-10.25.27:150][  0]SourceControl: Info   (use "git add <file>..." to include in what will be committed)
[2016.10.23-10.25.27:150][  0]SourceControl: Info 	Saved/Logs/FS-backup-2016.10.23-13.23.09.log
[2016.10.23-10.25.27:150][  0]SourceControl: Info 	Saved/Logs/UE4CC-Windows-AB20A57D48DFAB3048736D855F85749C/
[2016.10.23-10.25.27:150][  0]SourceControl: Info no changes added to commit (use "git add" and/or "git commit -a")
[2016.10.23-10.25.27:150][  0]LogContentStreaming: Texture pool size now 400 MB
[2016.10.23-10.25.31:144][  0]LogRenderer: Reallocating scene render targets to support 812x396 (Frame:2).
[2016.10.23-10.25.33:878][  4]LogAssetRegistry: Asset discovery search completed in 88.2794 seconds
[2016.10.23-10.25.33:879][  4]LogCollectionManager: Rebuilt the object cache for 0 collections in 0.000001 seconds (found 0 objects)
[2016.10.23-10.25.33:879][  4]LogCollectionManager: Fixed up redirectors for 0 collections in 0.000051 seconds (updated 0 objects)
[2016.10.23-10.25.50:714][317]Cmd: QUIT_EDITOR
[2016.10.23-10.25.51:105][317]LogExit: Preparing to exit.
[2016.10.23-10.25.52:436][317]LogDirectoryWatcher: A directory notification for 'C:/Users/Denis/Documents/Unreal Projects/ForbiddenSorcery 4.13/Content/' was aborted.
[2016.10.23-10.25.52:492][317]LogExit: Editor shut down
[2016.10.23-10.25.52:493][317]LogExit: Transaction tracking system shut down
[2016.10.23-10.25.52:753][317]LogObj: Freed 0b from 0 cluster array pools.
[2016.10.23-10.25.52:753][317]LogExit: Object subsystem successfully closed.
[2016.10.23-10.25.53:110][317]LogD3D11RHI: Shutdown
[2016.10.23-10.25.53:110][317]LogD3D11RHI: CleanupD3DDevice
[2016.10.23-10.25.53:745][317]LogD3D11RHI: ~FD3D11DynamicRHI
[2016.10.23-10.25.53:807][317]LogModuleManager: Shutting down and abandoning module HierarchicalLODOutliner (228)
[2016.10.23-10.25.53:807][317]LogModuleManager: Shutting down and abandoning module CrashTracker (227)
[2016.10.23-10.25.53:807][317]LogModuleManager: Shutting down and abandoning module SceneOutliner (226)
[2016.10.23-10.25.53:807][317]LogModuleManager: Shutting down and abandoning module WidgetCarousel (225)
[2016.10.23-10.25.53:807][317]LogModuleManager: Shutting down and abandoning module AddContentDialog (224)
[2016.10.23-10.25.53:807][317]LogDirectoryWatcher: A directory notification for 'C:/Users/Denis/Documents/GitHub/UnrealEngine/FeaturePacks/' was aborted.
[2016.10.23-10.25.53:809][317]LogModuleManager: Shutting down and abandoning module GameplayTags (223)
[2016.10.23-10.25.53:809][317]LogModuleManager: Shutting down and abandoning module EditorWidgets (222)
[2016.10.23-10.25.53:809][317]LogModuleManager: Shutting down and abandoning module CollectionManager (221)
[2016.10.23-10.25.53:809][317]LogDirectoryWatcher: A directory notification for 'C:/Users/Denis/Documents/Unreal Projects/ForbiddenSorcery 4.13/Content/Collections/' was aborted.
[2016.10.23-10.25.53:809][317]LogDirectoryWatcher: A directory notification for 'C:/Users/Denis/Documents/Unreal Projects/ForbiddenSorcery 4.13/Content/Developers/Denis/Collections/' was aborted.
[2016.10.23-10.25.53:809][317]LogDirectoryWatcher: A directory notification for 'C:/Users/Denis/Documents/Unreal Projects/ForbiddenSorcery 4.13/Saved/Collections/' was aborted.
[2016.10.23-10.25.53:809][317]LogModuleManager: Shutting down and abandoning module StatsViewer (220)
[2016.10.23-10.25.53:810][317]LogModuleManager: Shutting down and abandoning module FoliageEdit (219)
[2016.10.23-10.25.53:810][317]LogModuleManager: Shutting down and abandoning module LandscapeEditor (218)
[2016.10.23-10.25.53:810][317]LogModuleManager: Shutting down and abandoning module SceneDepthPickerMode (217)
[2016.10.23-10.25.53:810][317]LogModuleManager: Shutting down and abandoning module ActorPickerMode (216)
[2016.10.23-10.25.53:810][317]LogModuleManager: Shutting down and abandoning module GeometryMode (215)
[2016.10.23-10.25.53:810][317]LogModuleManager: Shutting down and abandoning module TextureAlignMode (214)
[2016.10.23-10.25.53:810][317]LogModuleManager: Shutting down and abandoning module BspMode (213)
[2016.10.23-10.25.53:810][317]LogModuleManager: Shutting down and abandoning module HardwareSurvey (212)
[2016.10.23-10.25.53:810][317]LogModuleManager: Shutting down and abandoning module SequenceRecorderSections (211)
[2016.10.23-10.25.53:810][317]LogModuleManager: Shutting down and abandoning module SequenceRecorder (210)
[2016.10.23-10.25.53:810][317]LogModuleManager: Shutting down and abandoning module AutomationWorker (209)
[2016.10.23-10.25.53:810][317]LogModuleManager: Shutting down and abandoning module MatineeToLevelSequence (208)
[2016.10.23-10.25.53:810][317]LogModuleManager: Shutting down and abandoning module PlacementMode (207)
[2016.10.23-10.25.53:811][317]LogModuleManager: Shutting down and abandoning module LevelSequenceEditor (206)
[2016.10.23-10.25.53:811][317]LogModuleManager: Shutting down and abandoning module WmfMediaFactory (205)
[2016.10.23-10.25.53:811][317]LogModuleManager: Shutting down and abandoning module WmfMediaEditor (204)
[2016.10.23-10.25.53:811][317]LogModuleManager: Shutting down and abandoning module AvfMediaFactory (203)
[2016.10.23-10.25.53:811][317]LogModuleManager: Shutting down and abandoning module AvfMediaEditor (202)
[2016.10.23-10.25.53:811][317]LogModuleManager: Shutting down and abandoning module Media (201)
[2016.10.23-10.25.53:811][317]LogModuleManager: Shutting down and abandoning module AndroidMediaFactory (200)
[2016.10.23-10.25.53:811][317]LogModuleManager: Shutting down and abandoning module AndroidMediaEditor (199)
[2016.10.23-10.25.53:811][317]LogModuleManager: Shutting down and abandoning module CharacterAI (198)
[2016.10.23-10.25.53:811][317]LogModuleManager: Shutting down and abandoning module SmartSnapping (197)
[2016.10.23-10.25.53:811][317]LogModuleManager: Shutting down and abandoning module SessionServices (196)
[2016.10.23-10.25.53:811][317]LogModuleManager: Shutting down and abandoning module ViewportSnapping (195)
[2016.10.23-10.25.53:811][317]LogModuleManager: Shutting down and abandoning module ViewportInteraction (194)
[2016.10.23-10.25.53:811][317]LogModuleManager: Shutting down and abandoning module LogVisualizer (193)
[2016.10.23-10.25.53:812][317]LogModuleManager: Shutting down and abandoning module GameProjectGeneration (192)
[2016.10.23-10.25.53:812][317]LogModuleManager: Shutting down and abandoning module IntroTutorials (191)
[2016.10.23-10.25.53:812][317]LogModuleManager: Shutting down and abandoning module EditorLiveStreaming (190)
[2016.10.23-10.25.53:812][317]LogModuleManager: Shutting down and abandoning module IOSPlatformEditor (189)
[2016.10.23-10.25.53:812][317]LogModuleManager: Shutting down and abandoning module HTML5PlatformEditor (188)
[2016.10.23-10.25.53:812][317]LogModuleManager: Shutting down and abandoning module AndroidDeviceDetection (187)
[2016.10.23-10.25.54:539][317]LogModuleManager: Shutting down and abandoning module AndroidPlatformEditor (186)
[2016.10.23-10.25.54:539][317]LogModuleManager: Shutting down and abandoning module IOSRuntimeSettings (185)
[2016.10.23-10.25.54:539][317]LogModuleManager: Shutting down and abandoning module AndroidRuntimeSettings (184)
[2016.10.23-10.25.54:539][317]LogModuleManager: Shutting down and abandoning module NiagaraEditor (183)
[2016.10.23-10.25.54:539][317]LogModuleManager: Shutting down and abandoning module MergeActors (182)
[2016.10.23-10.25.54:539][317]LogModuleManager: Shutting down and abandoning module SizeMap (181)
[2016.10.23-10.25.54:539][317]LogModuleManager: Shutting down and abandoning module TreeMap (180)
[2016.10.23-10.25.54:540][317]LogModuleManager: Shutting down and abandoning module ReferenceViewer (179)
[2016.10.23-10.25.54:540][317]LogModuleManager: Shutting down and abandoning module LocalizationService (178)
[2016.10.23-10.25.54:540][317]LogModuleManager: Shutting down and abandoning module LocalizationDashboard (177)
[2016.10.23-10.25.54:540][317]LogModuleManager: Shutting down and abandoning module HardwareTargeting (176)
[2016.10.23-10.25.54:540][317]LogModuleManager: Shutting down and abandoning module DeviceProfileEditor (175)
[2016.10.23-10.25.54:540][317]LogModuleManager: Shutting down and abandoning module UndoHistory (174)
[2016.10.23-10.25.54:540][317]LogModuleManager: Shutting down and abandoning module UserFeedback (173)
[2016.10.23-10.25.54:540][317]LogModuleManager: Shutting down and abandoning module XmlParser (172)
[2016.10.23-10.25.54:540][317]LogModuleManager: Shutting down and abandoning module Blutility (171)
[2016.10.23-10.25.54:540][317]LogModuleManager: Shutting down and abandoning module ProjectTargetPlatformEditor (170)
[2016.10.23-10.25.54:540][317]LogModuleManager: Shutting down and abandoning module ProjectSettingsViewer (169)
[2016.10.23-10.25.54:540][317]LogModuleManager: Shutting down and abandoning module InputBindingEditor (168)
[2016.10.23-10.25.54:541][317]LogModuleManager: Shutting down and abandoning module EditorSettingsViewer (167)
[2016.10.23-10.25.54:541][317]LogModuleManager: Shutting down and abandoning module SettingsEditor (166)
[2016.10.23-10.25.54:541][317]LogModuleManager: Shutting down and abandoning module ProjectLauncher (165)
[2016.10.23-10.25.54:541][317]LogModuleManager: Shutting down and abandoning module SessionFrontend (164)
[2016.10.23-10.25.54:541][317]LogModuleManager: Shutting down and abandoning module ProfilerClient (163)
[2016.10.23-10.25.54:541][317]LogModuleManager: Shutting down and abandoning module TargetDeviceServices (162)
[2016.10.23-10.25.54:541][317]LogModuleManager: Shutting down and abandoning module DeviceManager (161)
[2016.10.23-10.25.54:581][317]LogModuleManager: Shutting down and abandoning module AutomationController (160)
[2016.10.23-10.25.54:581][317]LogModuleManager: Shutting down and abandoning module AutomationWindow (159)
[2016.10.23-10.25.54:581][317]LogModuleManager: Shutting down and abandoning module Layers (158)
[2016.10.23-10.25.54:581][317]LogModuleManager: Shutting down and abandoning module ComponentVisualizers (157)
[2016.10.23-10.25.54:581][317]LogModuleManager: Shutting down and abandoning module DetailCustomizations (156)
[2016.10.23-10.25.54:581][317]LogModuleManager: Shutting down and abandoning module PackagesDialog (155)
[2016.10.23-10.25.54:581][317]LogModuleManager: Shutting down and abandoning module AnimGraph (154)
[2016.10.23-10.25.54:581][317]LogModuleManager: Shutting down and abandoning module Persona (153)
[2016.10.23-10.25.54:581][317]LogModuleManager: Shutting down and abandoning module Kismet (152)
[2016.10.23-10.25.54:582][317]LogModuleManager: Shutting down and abandoning module GraphEditor (151)
[2016.10.23-10.25.54:582][317]LogModuleManager: Shutting down and abandoning module ClassViewer (150)
[2016.10.23-10.25.54:582][317]LogModuleManager: Shutting down and abandoning module Toolbox (149)
[2016.10.23-10.25.54:582][317]LogModuleManager: Shutting down and abandoning module ModuleUI (148)
[2016.10.23-10.25.54:582][317]LogModuleManager: Shutting down and abandoning module MovieSceneTools (147)
[2016.10.23-10.25.54:582][317]LogModuleManager: Shutting down and abandoning module OutputLog (146)
[2016.10.23-10.25.54:582][317]LogModuleManager: Shutting down and abandoning module GammaUI (145)
[2016.10.23-10.25.54:582][317]LogModuleManager: Shutting down and abandoning module Documentation (144)
[2016.10.23-10.25.54:582][317]LogModuleManager: Shutting down and abandoning module Niagara (143)
[2016.10.23-10.25.54:582][317]LogModuleManager: Shutting down and abandoning module StreamingPauseRendering (142)
[2016.10.23-10.25.54:583][317]LogModuleManager: Shutting down and abandoning module AnalyticsET (141)
[2016.10.23-10.25.54:583][317]LogModuleManager: Shutting down and abandoning module PortalServices (140)
[2016.10.23-10.25.54:583][317]LogModuleManager: Shutting down and abandoning module PortalRpc (139)
[2016.10.23-10.25.54:583][317]LogModuleManager: Shutting down and abandoning module MessagingRpc (138)
[2016.10.23-10.25.54:583][317]LogModuleManager: Shutting down and abandoning module GameplayDebugger (137)
[2016.10.23-10.25.54:583][317]LogModuleManager: Shutting down and abandoning module AITestSuite (136)
[2016.10.23-10.25.54:583][317]LogModuleManager: Shutting down and abandoning module AIModule (135)
[2016.10.23-10.25.54:583][317]LogModuleManager: Shutting down and abandoning module ProfilerService (134)
[2016.10.23-10.25.54:607][317]LogModuleManager: Shutting down and abandoning module TaskGraph (133)
[2016.10.23-10.25.54:607][317]LogModuleManager: Shutting down and abandoning module SlateRemote (132)
[2016.10.23-10.25.54:607][317]LogModuleManager: Shutting down and abandoning module SteamVRController (131)
[2016.10.23-10.25.54:608][317]LogModuleManager: Shutting down and abandoning module SteamVR (130)
[2016.10.23-10.25.54:608][317]LogModuleManager: Shutting down and abandoning module ProceduralMeshComponentEditor (129)
[2016.10.23-10.25.54:608][317]LogModuleManager: Shutting down and abandoning module ProceduralMeshComponent (128)
[2016.10.23-10.25.54:608][317]LogModuleManager: Shutting down and abandoning module OculusLibrary (127)
[2016.10.23-10.25.54:608][317]LogModuleManager: Shutting down and abandoning module OculusInput (126)
[2016.10.23-10.25.54:608][317]LogModuleManager: Shutting down and abandoning module CustomMeshComponent (125)
[2016.10.23-10.25.54:608][317]LogModuleManager: Shutting down and abandoning module CableComponent (124)
[2016.10.23-10.25.54:608][317]LogModuleManager: Shutting down and abandoning module ArchVisCharacter (123)
[2016.10.23-10.25.54:608][317]LogModuleManager: Shutting down and abandoning module MediaPlayerEditor (121)
[2016.10.23-10.25.54:608][317]LogModuleManager: Shutting down and abandoning module HTML5Networking (120)
[2016.10.23-10.25.54:608][317]LogModuleManager: Shutting down and abandoning module GeometryCacheEd (119)
[2016.10.23-10.25.54:608][317]LogModuleManager: Shutting down and abandoning module GeometryCache (118)
[2016.10.23-10.25.54:608][317]LogModuleManager: Shutting down and abandoning module AlembicLibrary (117)
[2016.10.23-10.25.54:608][317]LogModuleManager: Shutting down and abandoning module AlembicImporter (116)
[2016.10.23-10.25.54:608][317]LogModuleManager: Shutting down and abandoning module SuperSearch (115)
[2016.10.23-10.25.54:608][317]LogModuleManager: Shutting down and abandoning module SuperSearchEditor (114)
[2016.10.23-10.25.54:608][317]LogModuleManager: Shutting down and abandoning module SpeedTreeImporter (113)
[2016.10.23-10.25.54:608][317]LogModuleManager: Shutting down and abandoning module PluginBrowser (112)
[2016.10.23-10.25.54:608][317]LogModuleManager: Shutting down and abandoning module MobileLauncherProfileWizard (111)
[2016.10.23-10.25.54:608][317]LogModuleManager: Shutting down and abandoning module EpicSurvey (110)
[2016.10.23-10.25.54:608][317]LogModuleManager: Shutting down and abandoning module DesktopPlatform (109)
[2016.10.23-10.25.54:608][317]LogModuleManager: Shutting down and abandoning module VisualStudioSourceCodeAccess (108)
[2016.10.23-10.25.54:609][317]LogModuleManager: Shutting down and abandoning module UObjectPlugin (107)
[2016.10.23-10.25.54:609][317]LogModuleManager: Shutting down and abandoning module SubversionSourceControl (106)
[2016.10.23-10.25.54:609][317]LogModuleManager: Shutting down and abandoning module PerforceSourceControl (105)
[2016.10.23-10.25.54:609][317]LogModuleManager: Shutting down and abandoning module SourceControl (104)
[2016.10.23-10.25.54:609][317]LogModuleManager: Shutting down and abandoning module GitSourceControl (103)
[2016.10.23-10.25.54:609][317]LogModuleManager: Shutting down and abandoning module LightPropagationVolumeEditor (102)
[2016.10.23-10.25.54:609][317]LogModuleManager: Shutting down and abandoning module PaperTiledImporter (101)
[2016.10.23-10.25.54:609][317]LogModuleManager: Shutting down and abandoning module PaperSpriteSheetImporter (100)
[2016.10.23-10.25.54:609][317]LogModuleManager: Shutting down and abandoning module MeshPaint (99)
[2016.10.23-10.25.54:609][317]LogModuleManager: Shutting down and abandoning module FbxAutomationBuilderModule (98)
[2016.10.23-10.25.54:609][317]LogModuleManager: Shutting down and abandoning module PixelInspectorModule (97)
[2016.10.23-10.25.54:609][317]LogModuleManager: Shutting down and abandoning module HotReload (96)
[2016.10.23-10.25.54:611][317]LogModuleManager: Shutting down and abandoning module MainFrame (95)
[2016.10.23-10.25.54:611][317]LogModuleManager: Shutting down and abandoning module LevelEditor (94)
[2016.10.23-10.25.54:613][317]LogModuleManager: Shutting down and abandoning module ContentBrowser (93)
[2016.10.23-10.25.54:616][317]LogModuleManager: Shutting down and abandoning module Paper2DEditor (92)
[2016.10.23-10.25.54:616][317]LogModuleManager: Shutting down and abandoning module UdpMessaging (91)
[2016.10.23-10.25.54:716][317]LogModuleManager: Shutting down and abandoning module TcpMessaging (90)
[2016.10.23-10.25.54:825][317]LogModuleManager: Shutting down and abandoning module LightPropagationVolumeRuntime (89)
[2016.10.23-10.25.54:825][317]LogModuleManager: Shutting down and abandoning module Paper2D (88)
[2016.10.23-10.25.54:825][317]LogModuleManager: Shutting down and abandoning module WindowsMoviePlayer (87)
[2016.10.23-10.25.54:825][317]LogModuleManager: Shutting down and abandoning module WmfMedia (86)
[2016.10.23-10.25.54:826][317]LogModuleManager: Shutting down and abandoning module MediaAssets (85)
[2016.10.23-10.25.54:826][317]LogModuleManager: Shutting down and abandoning module GameLiveStreaming (84)
[2016.10.23-10.25.54:826][317]LogModuleManager: Shutting down and abandoning module GameplayTagsEditor (83)
[2016.10.23-10.25.54:826][317]LogModuleManager: Shutting down and abandoning module VREditor (82)
[2016.10.23-10.25.54:826][317]LogModuleManager: Shutting down and abandoning module GameplayTasksEditor (81)
[2016.10.23-10.25.54:826][317]LogModuleManager: Shutting down and abandoning module PropertyEditor (80)
[2016.10.23-10.25.54:826][317]LogModuleManager: Shutting down and abandoning module BehaviorTreeEditor (79)
[2016.10.23-10.25.54:826][317]LogModuleManager: Shutting down and abandoning module FunctionalTesting (78)
[2016.10.23-10.25.54:826][317]LogModuleManager: Shutting down and abandoning module CollisionAnalyzer (77)
[2016.10.23-10.25.54:827][317]LogModuleManager: Shutting down and abandoning module Sequencer (76)
[2016.10.23-10.25.54:827][317]LogModuleManager: Shutting down and abandoning module WorkspaceMenuStructure (75)
[2016.10.23-10.25.54:827][317]LogModuleManager: Shutting down and abandoning module MessageLog (74)
[2016.10.23-10.25.54:827][317]LogModuleManager: Shutting down and abandoning module AssetTools (73)
[2016.10.23-10.25.54:827][317]LogModuleManager: Shutting down and abandoning module UMGEditor (72)
[2016.10.23-10.25.54:827][317]LogModuleManager: Shutting down and abandoning module UMG (71)
[2016.10.23-10.25.54:827][317]LogModuleManager: Shutting down and abandoning module SlateReflector (70)
[2016.10.23-10.25.54:827][317]LogModuleManager: Shutting down and abandoning module Slate (69)
[2016.10.23-10.25.54:827][317]LogModuleManager: Shutting down and abandoning module EditorStyle (68)
[2016.10.23-10.25.54:832][317]LogModuleManager: Shutting down and abandoning module SourceCodeAccess (67)
[2016.10.23-10.25.54:832][317]LogModuleManager: Shutting down and abandoning module HeadMountedDisplay (66)
[2016.10.23-10.25.54:832][317]LogModuleManager: Shutting down and abandoning module XAudio2 (65)
[2016.10.23-10.25.54:832][317]LogModuleManager: Shutting down and abandoning module Networking (63)
[2016.10.23-10.25.54:832][317]LogModuleManager: Shutting down and abandoning module Core (62)
[2016.10.23-10.25.54:832][317]LogModuleManager: Shutting down and abandoning module DirectoryWatcher (61)
[2016.10.23-10.25.54:832][317]LogDirectoryWatcher: A directory notification for '../../../Engine/Content/' was aborted.
[2016.10.23-10.25.54:835][317]LogDirectoryWatcher: A directory notification for '../../../../../Unreal Projects/ForbiddenSorcery 4.13/Content/' was aborted.
[2016.10.23-10.25.54:835][317]LogDirectoryWatcher: A directory notification for '../../../Engine/Plugins/2D/Paper2D/Content/' was aborted.
[2016.10.23-10.25.54:835][317]LogModuleManager: Shutting down and abandoning module AssetRegistry (60)
[2016.10.23-10.25.55:018][317]LogModuleManager: Shutting down and abandoning module KismetCompiler (59)
[2016.10.23-10.25.55:018][317]LogModuleManager: Shutting down and abandoning module PhysXFormats (58)
[2016.10.23-10.25.55:018][317]LogModuleManager: Shutting down and abandoning module MeshUtilities (57)
[2016.10.23-10.25.55:018][317]LogModuleManager: Shutting down and abandoning module DerivedDataCache (56)
[2016.10.23-10.25.55:096][317]LogDerivedDataCache: Shutdown
[2016.10.23-10.25.55:097][317]LogModuleManager: Shutting down and abandoning module MetalShaderFormat (55)
[2016.10.23-10.25.55:097][317]LogModuleManager: Shutting down and abandoning module VulkanShaderFormat (54)
[2016.10.23-10.25.55:097][317]LogModuleManager: Shutting down and abandoning module ShaderFormatD3D (53)
[2016.10.23-10.25.55:097][317]LogModuleManager: Shutting down and abandoning module ShaderFormatOpenGL (52)
[2016.10.23-10.25.55:097][317]LogModuleManager: Shutting down and abandoning module TextureFormatUncompressed (51)
[2016.10.23-10.25.55:097][317]LogModuleManager: Shutting down and abandoning module ImageWrapper (50)
[2016.10.23-10.25.55:097][317]LogModuleManager: Shutting down and abandoning module TextureFormatASTC (49)
[2016.10.23-10.25.55:097][317]LogModuleManager: Shutting down and abandoning module TextureFormatPVR (48)
[2016.10.23-10.25.55:097][317]LogModuleManager: Shutting down and abandoning module TextureFormatDXT (47)
[2016.10.23-10.25.55:097][317]LogModuleManager: Shutting down and abandoning module TextureFormatIntelISPCTexComp (46)
[2016.10.23-10.25.55:097][317]LogModuleManager: Shutting down and abandoning module AudioFormatOpus (45)
[2016.10.23-10.25.55:097][317]LogModuleManager: Shutting down and abandoning module AudioFormatOgg (44)
[2016.10.23-10.25.55:097][317]LogModuleManager: Shutting down and abandoning module AudioFormatADPCM (43)
[2016.10.23-10.25.55:097][317]LogModuleManager: Shutting down and abandoning module TVOSTargetPlatform (42)
[2016.10.23-10.25.55:097][317]LogModuleManager: Shutting down and abandoning module Messaging (41)
[2016.10.23-10.25.55:097][317]LogModuleManager: Shutting down and abandoning module IOSTargetPlatform (40)
[2016.10.23-10.25.55:097][317]LogModuleManager: Shutting down and abandoning module HTML5TargetPlatform (39)
[2016.10.23-10.25.55:097][317]LogModuleManager: Shutting down and abandoning module Android_MultiTargetPlatform (38)
[2016.10.23-10.25.55:097][317]LogModuleManager: Shutting down and abandoning module Android_ASTCTargetPlatform (37)
[2016.10.23-10.25.55:097][317]LogModuleManager: Shutting down and abandoning module Android_ETC2TargetPlatform (36)
[2016.10.23-10.25.55:097][317]LogModuleManager: Shutting down and abandoning module Android_ETC1TargetPlatform (35)
[2016.10.23-10.25.55:097][317]LogModuleManager: Shutting down and abandoning module Android_DXTTargetPlatform (34)
[2016.10.23-10.25.55:097][317]LogModuleManager: Shutting down and abandoning module Android_ATCTargetPlatform (33)
[2016.10.23-10.25.55:097][317]LogModuleManager: Shutting down and abandoning module Android_PVRTCTargetPlatform (32)
[2016.10.23-10.25.55:098][317]LogModuleManager: Shutting down and abandoning module AndroidTargetPlatform (31)
[2016.10.23-10.25.55:098][317]LogModuleManager: Shutting down and abandoning module AllDesktopTargetPlatform (30)
[2016.10.23-10.25.55:098][317]LogModuleManager: Shutting down and abandoning module WindowsClientTargetPlatform (29)
[2016.10.23-10.25.55:098][317]LogModuleManager: Shutting down and abandoning module WindowsServerTargetPlatform (28)
[2016.10.23-10.25.55:098][317]LogModuleManager: Shutting down and abandoning module WindowsNoEditorTargetPlatform (27)
[2016.10.23-10.25.55:098][317]LogModuleManager: Shutting down and abandoning module WindowsTargetPlatform (26)
[2016.10.23-10.25.55:098][317]LogModuleManager: Shutting down and abandoning module TargetPlatform (25)
[2016.10.23-10.25.55:098][317]LogModuleManager: Shutting down and abandoning module InputCore (24)
[2016.10.23-10.25.55:098][317]LogModuleManager: Shutting down and abandoning module Settings (23)
[2016.10.23-10.25.55:098][317]LogModuleManager: Shutting down and abandoning module OculusRift (22)
[2016.10.23-10.25.55:098][317]LogModuleManager: Shutting down and abandoning module GearVR (21)
[2016.10.23-10.25.55:098][317]LogModuleManager: Shutting down and abandoning module ExampleDeviceProfileSelector (20)
[2016.10.23-10.25.55:098][317]LogModuleManager: Shutting down and abandoning module OnlineBlueprintSupport (19)
[2016.10.23-10.25.55:098][317]LogModuleManager: Shutting down and abandoning module OnlineSubsystem (17)
[2016.10.23-10.25.55:098][317]LogOnline:Display: Unloading online subsystem: NULL
[2016.10.23-10.25.55:098][317]LogModuleManager: Shutting down and abandoning module HTTP (16)
[2016.10.23-10.25.55:098][317]LogHttp:Display: Http module shutting down, but needs to wait on 1 outstanding Http requests:
[2016.10.23-10.25.55:098][317]LogHttp:Display: 	verb=[POST] url=[https://datarouter.ol.epicgames.com/datarouter/api/v1/public/data?SessionID=%7BB9F0604C-4796-4596-1D43-908E78191F3B%7D&AppID=UEEditor.UnrealEngine.Release&AppVersion=4.13.1-0%2BUE4&UserID=3182f3264be13058d1a7e39715b3a408%7C%7Ce8428d76-cdb1-4cf4-9500-5681db150db6&AppEnvironment=datacollector-source&UploadType=eteventstream] status=Processing
[2016.10.23-10.25.55:198][317]LogModuleManager: Shutting down and abandoning module TextureCompressor (14)
[2016.10.23-10.25.55:199][317]LogModuleManager: Shutting down and abandoning module ShaderCore (13)
[2016.10.23-10.25.55:199][317]LogModuleManager: Shutting down and abandoning module Landscape (12)
[2016.10.23-10.25.55:199][317]LogModuleManager: Shutting down and abandoning module SlateRHIRenderer (11)
[2016.10.23-10.25.55:200][317]LogModuleManager: Shutting down and abandoning module OpenGLDrv (10)
[2016.10.23-10.25.55:200][317]LogModuleManager: Shutting down and abandoning module D3D11RHI (9)
[2016.10.23-10.25.55:201][317]LogModuleManager: Shutting down and abandoning module AnimGraphRuntime (8)
[2016.10.23-10.25.55:201][317]LogModuleManager: Shutting down and abandoning module Renderer (7)
[2016.10.23-10.25.55:201][317]LogModuleManager: Shutting down and abandoning module Engine (6)
[2016.10.23-10.25.55:201][317]LogModuleManager: Shutting down and abandoning module CoreUObject (5)
[2016.10.23-10.25.55:201][317]LogModuleManager: Shutting down and abandoning module NetworkFile (4)
[2016.10.23-10.25.55:201][317]LogModuleManager: Shutting down and abandoning module StreamingFile (3)
[2016.10.23-10.25.55:201][317]LogModuleManager: Shutting down and abandoning module SandboxFile (2)
[2016.10.23-10.25.55:201][317]LogModuleManager: Shutting down and abandoning module PakFile (1)
[2016.10.23-10.25.55:204][317]LogExit: Exiting.
[2016.10.23-10.25.55:206][317]Log file closed, 10/23/16 13:25:55
