Log file open, 10/23/16 13:50:15
LogInit:Display: Running engine for game: FS
LogPlatformFile: Not using cached read wrapper
LogInit:Display: RandInit(1984888675) SRandInit(1984888675).
LogInit: Using version manifest at CL 0 with build ID 'd82e5925-32e0-4ab9-999a-d605040ee4d1'
LogTaskGraph: Started task graph with 5 named threads and 6 total threads with 1 sets of task threads.
LogStats: Stats thread started at 0.568873
LogPluginManager: Loaded Plugin Paper2D, From C:/Users/Denis/Documents/GitHub/UnrealEngine/Engine/Plugins/2D/Paper2D/Paper2D.uplugin
LogPluginManager: Loaded Plugin LightPropagationVolume, From C:/Users/Denis/Documents/GitHub/UnrealEngine/Engine/Plugins/Blendables/LightPropagationVolume/LightPropagationVolume.uplugin
LogPluginManager: Loaded Plugin BlankPlugin, From C:/Users/Denis/Documents/GitHub/UnrealEngine/Engine/Plugins/Developer/BlankPlugin/BlankPlugin.uplugin
LogPluginManager: Loaded Plugin CodeLiteSourceCodeAccess, From C:/Users/Denis/Documents/GitHub/UnrealEngine/Engine/Plugins/Developer/CodeLiteSourceCodeAccess/CodeLiteSourceCodeAccess.uplugin
LogPluginManager: Loaded Plugin GitSourceControl, From C:/Users/Denis/Documents/GitHub/UnrealEngine/Engine/Plugins/Developer/GitSourceControl/GitSourceControl.uplugin
LogPluginManager: Loaded Plugin KDevelopSourceCodeAccess, From C:/Users/Denis/Documents/GitHub/UnrealEngine/Engine/Plugins/Developer/KDevelopSourceCodeAccess/KDevelopSourceCodeAccess.uplugin
LogPluginManager: Loaded Plugin NullSourceCodeAccess, From C:/Users/Denis/Documents/GitHub/UnrealEngine/Engine/Plugins/Developer/NullSourceCodeAccess/NullSourceCodeAccess.uplugin
LogPluginManager: Loaded Plugin OneSkyLocalizationService, From C:/Users/Denis/Documents/GitHub/UnrealEngine/Engine/Plugins/Developer/OneSkyLocalizationService/OneSkyLocalizationService.uplugin
LogPluginManager: Loaded Plugin PerforceSourceControl, From C:/Users/Denis/Documents/GitHub/UnrealEngine/Engine/Plugins/Developer/PerforceSourceControl/PerforceSourceControl.uplugin
LogPluginManager: Loaded Plugin SubversionSourceControl, From C:/Users/Denis/Documents/GitHub/UnrealEngine/Engine/Plugins/Developer/SubversionSourceControl/SubversionSourceControl.uplugin
LogPluginManager: Loaded Plugin UObjectPlugin, From C:/Users/Denis/Documents/GitHub/UnrealEngine/Engine/Plugins/Developer/UObjectPlugin/UObjectPlugin.uplugin
LogPluginManager: Loaded Plugin VisualStudioSourceCodeAccess, From C:/Users/Denis/Documents/GitHub/UnrealEngine/Engine/Plugins/Developer/VisualStudioSourceCodeAccess/VisualStudioSourceCodeAccess.uplugin
LogPluginManager: Loaded Plugin XCodeSourceCodeAccess, From C:/Users/Denis/Documents/GitHub/UnrealEngine/Engine/Plugins/Developer/XCodeSourceCodeAccess/XCodeSourceCodeAccess.uplugin
LogPluginManager: Loaded Plugin EpicSurvey, From C:/Users/Denis/Documents/GitHub/UnrealEngine/Engine/Plugins/Editor/EpicSurvey/EpicSurvey.uplugin
LogPluginManager: Loaded Plugin MacGraphicsSwitching, From C:/Users/Denis/Documents/GitHub/UnrealEngine/Engine/Plugins/Editor/MacGraphicsSwitching/MacGraphicsSwitching.uplugin
LogPluginManager: Loaded Plugin MobileLauncherProfileWizard, From C:/Users/Denis/Documents/GitHub/UnrealEngine/Engine/Plugins/Editor/MobileLauncherProfileWizard/MobileLauncherProfileWizard.uplugin
LogPluginManager: Loaded Plugin PluginBrowser, From C:/Users/Denis/Documents/GitHub/UnrealEngine/Engine/Plugins/Editor/PluginBrowser/PluginBrowser.uplugin
LogPluginManager: Loaded Plugin SpeedTreeImporter, From C:/Users/Denis/Documents/GitHub/UnrealEngine/Engine/Plugins/Editor/SpeedTreeImporter/SpeedTreeImporter.uplugin
LogPluginManager: Loaded Plugin SuperSearchEditor, From C:/Users/Denis/Documents/GitHub/UnrealEngine/Engine/Plugins/Editor/SuperSearchEditor/SuperSearchEditor.uplugin
LogPluginManager: Loaded Plugin AlembicImporter, From C:/Users/Denis/Documents/GitHub/UnrealEngine/Engine/Plugins/Experimental/AlembicImporter/AlembicImporter.uplugin
LogPluginManager: Loaded Plugin BlueprintStats, From C:/Users/Denis/Documents/GitHub/UnrealEngine/Engine/Plugins/Experimental/BlueprintStats/BlueprintStats.uplugin
LogPluginManager: Loaded Plugin CharacterAI, From C:/Users/Denis/Documents/GitHub/UnrealEngine/Engine/Plugins/Experimental/CharacterAI/CharacterAI.uplugin
LogPluginManager: Loaded Plugin CodeEditor, From C:/Users/Denis/Documents/GitHub/UnrealEngine/Engine/Plugins/Experimental/CodeEditor/CodeEditor.uplugin
LogPluginManager: Loaded Plugin CodeView, From C:/Users/Denis/Documents/GitHub/UnrealEngine/Engine/Plugins/Experimental/CodeView/CodeView.uplugin
LogPluginManager: Loaded Plugin HTML5Networking, From C:/Users/Denis/Documents/GitHub/UnrealEngine/Engine/Plugins/Experimental/HTML5Networking/HTML5Networking.uplugin
LogPluginManager: Loaded Plugin LiveEditor, From C:/Users/Denis/Documents/GitHub/UnrealEngine/Engine/Plugins/Experimental/LiveEditor/LiveEditor.uplugin
LogPluginManager: Loaded Plugin OSVR, From C:/Users/Denis/Documents/GitHub/UnrealEngine/Engine/Plugins/Experimental/OSVR/OSVR.uplugin
LogPluginManager: Loaded Plugin Phya, From C:/Users/Denis/Documents/GitHub/UnrealEngine/Engine/Plugins/Experimental/Phya/Phya.uplugin
LogPluginManager: Loaded Plugin SignificanceManager, From C:/Users/Denis/Documents/GitHub/UnrealEngine/Engine/Plugins/Experimental/SignificanceManager/SignificanceManager.uplugin
LogPluginManager: Loaded Plugin SimpleHMD, From C:/Users/Denis/Documents/GitHub/UnrealEngine/Engine/Plugins/Experimental/SimpleHMD/SimpleHMD.uplugin
LogPluginManager: Loaded Plugin StereoPanorama, From C:/Users/Denis/Documents/GitHub/UnrealEngine/Engine/Plugins/Experimental/StereoPanorama/StereoPanorama.uplugin
LogPluginManager: Loaded Plugin StructBox, From C:/Users/Denis/Documents/GitHub/UnrealEngine/Engine/Plugins/Experimental/StructBox/StructBox.uplugin
LogPluginManager: Loaded Plugin AndroidMedia, From C:/Users/Denis/Documents/GitHub/UnrealEngine/Engine/Plugins/Media/AndroidMedia/AndroidMedia.uplugin
LogPluginManager: Loaded Plugin AvfMedia, From C:/Users/Denis/Documents/GitHub/UnrealEngine/Engine/Plugins/Media/AvfMedia/AvfMedia.uplugin
LogPluginManager: Loaded Plugin MediaPlayerEditor, From C:/Users/Denis/Documents/GitHub/UnrealEngine/Engine/Plugins/Media/MediaPlayerEditor/MediaPlayerEditor.uplugin
LogPluginManager: Loaded Plugin WmfMedia, From C:/Users/Denis/Documents/GitHub/UnrealEngine/Engine/Plugins/Media/WmfMedia/WmfMedia.uplugin
LogPluginManager: Loaded Plugin MessagingDebugger, From C:/Users/Denis/Documents/GitHub/UnrealEngine/Engine/Plugins/Messaging/MessagingDebugger/MessagingDebugger.uplugin
LogPluginManager: Loaded Plugin TcpMessaging, From C:/Users/Denis/Documents/GitHub/UnrealEngine/Engine/Plugins/Messaging/TcpMessaging/TcpMessaging.uplugin
LogPluginManager: Loaded Plugin UdpMessaging, From C:/Users/Denis/Documents/GitHub/UnrealEngine/Engine/Plugins/Messaging/UdpMessaging/UdpMessaging.uplugin
LogPluginManager: Loaded Plugin LevelSequenceEditor, From C:/Users/Denis/Documents/GitHub/UnrealEngine/Engine/Plugins/MovieScene/LevelSequenceEditor/LevelSequenceEditor.uplugin
LogPluginManager: Loaded Plugin MatineeToLevelSequence, From C:/Users/Denis/Documents/GitHub/UnrealEngine/Engine/Plugins/MovieScene/MatineeToLevelSequence/MatineeToLevelSequence.uplugin
LogPluginManager: Loaded Plugin NetcodeUnitTest, From C:/Users/Denis/Documents/GitHub/UnrealEngine/Engine/Plugins/NetcodeUnitTest/NetcodeUnitTest/NetcodeUnitTest.uplugin
LogPluginManager: Loaded Plugin NUTUnrealEngine4, From C:/Users/Denis/Documents/GitHub/UnrealEngine/Engine/Plugins/NetcodeUnitTest/NUTUnrealEngine4/NUTUnrealEngine4.uplugin
LogPluginManager: Loaded Plugin OnlineSubsystemGooglePlay, From C:/Users/Denis/Documents/GitHub/UnrealEngine/Engine/Plugins/Online/Android/OnlineSubsystemGooglePlay/OnlineSubsystemGooglePlay.uplugin
LogPluginManager: Loaded Plugin OnlineSubsystemIOS, From C:/Users/Denis/Documents/GitHub/UnrealEngine/Engine/Plugins/Online/IOS/OnlineSubsystemIOS/OnlineSubsystemIOS.uplugin
LogPluginManager: Loaded Plugin OnlineFramework, From C:/Users/Denis/Documents/GitHub/UnrealEngine/Engine/Plugins/Online/OnlineFramework/OnlineFramework.uplugin
LogPluginManager: Loaded Plugin OnlineSubsystem, From C:/Users/Denis/Documents/GitHub/UnrealEngine/Engine/Plugins/Online/OnlineSubsystem/OnlineSubsystem.uplugin
LogPluginManager: Loaded Plugin OnlineSubsystemAmazon, From C:/Users/Denis/Documents/GitHub/UnrealEngine/Engine/Plugins/Online/OnlineSubsystemAmazon/OnlineSubsystemAmazon.uplugin
LogPluginManager: Loaded Plugin OnlineSubsystemFacebook, From C:/Users/Denis/Documents/GitHub/UnrealEngine/Engine/Plugins/Online/OnlineSubsystemFacebook/OnlineSubsystemFacebook.uplugin
LogPluginManager: Loaded Plugin OnlineSubsystemNull, From C:/Users/Denis/Documents/GitHub/UnrealEngine/Engine/Plugins/Online/OnlineSubsystemNull/OnlineSubsystemNull.uplugin
LogPluginManager: Loaded Plugin OnlineSubsystemOculus, From C:/Users/Denis/Documents/GitHub/UnrealEngine/Engine/Plugins/Online/OnlineSubsystemOculus/OnlineSubsystemOculus.uplugin
LogPluginManager: Loaded Plugin OnlineSubsystemSteam, From C:/Users/Denis/Documents/GitHub/UnrealEngine/Engine/Plugins/Online/OnlineSubsystemSteam/OnlineSubsystemSteam.uplugin
LogPluginManager: Loaded Plugin OnlineSubsystemUtils, From C:/Users/Denis/Documents/GitHub/UnrealEngine/Engine/Plugins/Online/OnlineSubsystemUtils/OnlineSubsystemUtils.uplugin
LogPluginManager: Loaded Plugin IOSTapJoy, From C:/Users/Denis/Documents/GitHub/UnrealEngine/Engine/Plugins/Runtime/Advertising/IOSTapJoy/IOSTapJoy.uplugin
LogPluginManager: Loaded Plugin AnalyticsBlueprintLibrary, From C:/Users/Denis/Documents/GitHub/UnrealEngine/Engine/Plugins/Runtime/Analytics/AnalyticsBlueprintLibrary/AnalyticsBlueprintLibrary.uplugin
LogPluginManager: Loaded Plugin AnalyticsMulticast, From C:/Users/Denis/Documents/GitHub/UnrealEngine/Engine/Plugins/Runtime/Analytics/AnalyticsMulticast/AnalyticsMulticast.uplugin
LogPluginManager: Loaded Plugin Apsalar, From C:/Users/Denis/Documents/GitHub/UnrealEngine/Engine/Plugins/Runtime/Analytics/Apsalar/Apsalar.uplugin
LogPluginManager: Loaded Plugin FileLogging, From C:/Users/Denis/Documents/GitHub/UnrealEngine/Engine/Plugins/Runtime/Analytics/FileLogging/FileLogging.uplugin
LogPluginManager: Loaded Plugin Flurry, From C:/Users/Denis/Documents/GitHub/UnrealEngine/Engine/Plugins/Runtime/Analytics/Flurry/Flurry.uplugin
LogPluginManager: Loaded Plugin AndroidDeviceProfileSelector, From C:/Users/Denis/Documents/GitHub/UnrealEngine/Engine/Plugins/Runtime/AndroidDeviceProfileSelector/AndroidDeviceProfileSelector.uplugin
LogPluginManager: Loaded Plugin AndroidMoviePlayer, From C:/Users/Denis/Documents/GitHub/UnrealEngine/Engine/Plugins/Runtime/AndroidMoviePlayer/AndroidMoviePlayer.uplugin
LogPluginManager: Loaded Plugin AppleMoviePlayer, From C:/Users/Denis/Documents/GitHub/UnrealEngine/Engine/Plugins/Runtime/AppleMoviePlayer/AppleMoviePlayer.uplugin
LogPluginManager: Loaded Plugin ArchVisCharacter, From C:/Users/Denis/Documents/GitHub/UnrealEngine/Engine/Plugins/Runtime/ArchVisCharacter/ArchVisCharacter.uplugin
LogPluginManager: Loaded Plugin CableComponent, From C:/Users/Denis/Documents/GitHub/UnrealEngine/Engine/Plugins/Runtime/CableComponent/CableComponent.uplugin
LogPluginManager: Loaded Plugin CustomMeshComponent, From C:/Users/Denis/Documents/GitHub/UnrealEngine/Engine/Plugins/Runtime/CustomMeshComponent/CustomMeshComponent.uplugin
LogPluginManager: Loaded Plugin ExampleDeviceProfileSelector, From C:/Users/Denis/Documents/GitHub/UnrealEngine/Engine/Plugins/Runtime/ExampleDeviceProfileSelector/ExampleDeviceProfileSelector.uplugin
LogPluginManager: Loaded Plugin GearVR, From C:/Users/Denis/Documents/GitHub/UnrealEngine/Engine/Plugins/Runtime/GearVR/GearVR.uplugin
LogPluginManager: Loaded Plugin GoogleVRController, From C:/Users/Denis/Documents/GitHub/UnrealEngine/Engine/Plugins/Runtime/GoogleVR/GoogleVRController/GoogleVRController.uplugin
LogPluginManager: Loaded Plugin GoogleVRHMD, From C:/Users/Denis/Documents/GitHub/UnrealEngine/Engine/Plugins/Runtime/GoogleVR/GoogleVRHMD/GoogleVRHMD.uplugin
LogPluginManager: Loaded Plugin IOSDeviceProfileSelector, From C:/Users/Denis/Documents/GitHub/UnrealEngine/Engine/Plugins/Runtime/IOSDeviceProfileSelector/IOSDeviceProfileSelector.uplugin
LogPluginManager: Loaded Plugin LeapMotion, From C:/Users/Denis/Documents/GitHub/UnrealEngine/Engine/Plugins/Runtime/LeapMotion/LeapMotion.uplugin
LogPluginManager: Loaded Plugin LinuxDeviceProfileSelector, From C:/Users/Denis/Documents/GitHub/UnrealEngine/Engine/Plugins/Runtime/LinuxDeviceProfileSelector/LinuxDeviceProfileSelector.uplugin
LogPluginManager: Loaded Plugin LiveEditorListenServer, From C:/Users/Denis/Documents/GitHub/UnrealEngine/Engine/Plugins/Runtime/LiveEditorListenServer/LiveEditorListenServer.uplugin
LogPluginManager: Loaded Plugin OculusAudio, From C:/Users/Denis/Documents/GitHub/UnrealEngine/Engine/Plugins/Runtime/OculusAudio/OculusAudio.uplugin
LogPluginManager: Loaded Plugin OculusInput, From C:/Users/Denis/Documents/GitHub/UnrealEngine/Engine/Plugins/Runtime/OculusInput/OculusInput.uplugin
LogPluginManager: Loaded Plugin OculusLibrary, From C:/Users/Denis/Documents/GitHub/UnrealEngine/Engine/Plugins/Runtime/OculusLibrary/OculusLibrary.uplugin
LogPluginManager: Loaded Plugin OculusRift, From C:/Users/Denis/Documents/GitHub/UnrealEngine/Engine/Plugins/Runtime/OculusRift/OculusRift.uplugin
LogPluginManager: Loaded Plugin Oodle, From C:/Users/Denis/Documents/GitHub/UnrealEngine/Engine/Plugins/Runtime/PacketHandlers/CompressionComponents/Oodle/Oodle.uplugin
LogPluginManager: Loaded Plugin ProceduralMeshComponent, From C:/Users/Denis/Documents/GitHub/UnrealEngine/Engine/Plugins/Runtime/ProceduralMeshComponent/ProceduralMeshComponent.uplugin
LogPluginManager: Loaded Plugin SoundMod, From C:/Users/Denis/Documents/GitHub/UnrealEngine/Engine/Plugins/Runtime/SoundMod/SoundMod.uplugin
LogPluginManager: Loaded Plugin SoundVisualizations, From C:/Users/Denis/Documents/GitHub/UnrealEngine/Engine/Plugins/Runtime/SoundVisualizations/SoundVisualizations.uplugin
LogPluginManager: Loaded Plugin SteamController, From C:/Users/Denis/Documents/GitHub/UnrealEngine/Engine/Plugins/Runtime/Steam/SteamController/SteamController.uplugin
LogPluginManager: Loaded Plugin SteamVR, From C:/Users/Denis/Documents/GitHub/UnrealEngine/Engine/Plugins/Runtime/Steam/SteamVR/SteamVR.uplugin
LogPluginManager: Loaded Plugin TwitchLiveStreaming, From C:/Users/Denis/Documents/GitHub/UnrealEngine/Engine/Plugins/Runtime/TwitchLiveStreaming/TwitchLiveStreaming.uplugin
LogPluginManager: Loaded Plugin WebBrowserWidget, From C:/Users/Denis/Documents/GitHub/UnrealEngine/Engine/Plugins/Runtime/WebBrowserWidget/WebBrowserWidget.uplugin
LogPluginManager: Loaded Plugin WindowsDeviceProfileSelector, From C:/Users/Denis/Documents/GitHub/UnrealEngine/Engine/Plugins/Runtime/WindowsDeviceProfileSelector/WindowsDeviceProfileSelector.uplugin
LogPluginManager: Loaded Plugin WindowsMoviePlayer, From C:/Users/Denis/Documents/GitHub/UnrealEngine/Engine/Plugins/Runtime/WindowsMoviePlayer/WindowsMoviePlayer.uplugin
LogPluginManager: Loaded Plugin ScriptPlugin, From C:/Users/Denis/Documents/GitHub/UnrealEngine/Engine/Plugins/ScriptPlugin/ScriptPlugin.uplugin
LogPluginManager: Loaded Plugin SlateRemote, From C:/Users/Denis/Documents/GitHub/UnrealEngine/Engine/Plugins/Slate/SlateRemote/SlateRemote.uplugin
LogModuleManager:Warning: No filename provided for module XMPP
LogModuleManager:Warning: ModuleManager: Unable to load module 'XMPP' because the file 'C:/Users/Denis/Documents/GitHub/UnrealEngine/Engine/Binaries/Win64/' was not found.
LogInit: Using libcurl 7.47.1
LogInit:  - built for x86_64-pc-win32
LogInit:  - supports SSL with WinSSL
LogInit:  - other features:
LogInit:      CURL_VERSION_SSL
LogInit:      CURL_VERSION_IPV6
LogInit:      CURL_VERSION_ASYNCHDNS
LogInit:      CURL_VERSION_LARGEFILE
LogInit:      CURL_VERSION_IDN
LogInit:  CurlRequestOptions (configurable via config and command line):
LogInit:  - bVerifyPeer = false  - Libcurl will NOT verify peer certificate
LogInit:  - bUseHttpProxy = false  - Libcurl will NOT use HTTP proxy
LogInit:  - bDontReuseConnections = false  - Libcurl will reuse connections
LogInit:  - CertBundlePath = nullptr  - Libcurl will use whatever was configured at build time.
LogInit: Build: UE4-CL-0
LogInit: Engine Version: 4.13.1-0+UE4
LogInit: Compatible Engine Version: 4.13.0-0+UE4
LogInit: Net CL: 0
LogDevObjectVersion: Number of dev versions registered: 13
LogDevObjectVersion:   Dev-Blueprints (B0D832E4-1F89-4F0D-ACCF-7EB736FD4AA2): 5
LogDevObjectVersion:   Dev-Build (E1C64328-A22C-4D53-A36C-8E866417BD8C): 0
LogDevObjectVersion:   Dev-Core (375EC13C-06E4-48FB-B500-84F0262A717E): 1
LogDevObjectVersion:   Dev-Editor (E4B068ED-F494-42E9-A231-DA0B2E46BB41): 6
LogDevObjectVersion:   Dev-Framework (CFFC743F-43B0-4480-9391-14DF171D2073): 12
LogDevObjectVersion:   Dev-Mobile (B02B49B5-BB20-44E9-A304-32B752E40360): 0
LogDevObjectVersion:   Dev-Networking (A4E4105C-59A1-49B5-A7C5-40C4547EDFEE): 0
LogDevObjectVersion:   Dev-Online (39C831C9-5AE6-47DC-9A44-9C173E1C8E7C): 0
LogDevObjectVersion:   Dev-Physics (78F01B33-EBEA-4F98-B9B4-84EACCB95AA2): 0
LogDevObjectVersion:   Dev-Platform (6631380F-2D4D-43E0-8009-CF276956A95A): 0
LogDevObjectVersion:   Dev-Rendering (12F88B9F-8875-4AFC-A67C-D90C383ABD29): 4
LogDevObjectVersion:   Dev-Sequencer (7B5AE74C-D270-4C10-A958-57980B212A5A): 0
LogDevObjectVersion:   Dev-VR (D7296918-1DD6-4BDD-9DE2-64A83CC13884): 0
LogInit: Compiled (64-bit): Oct 15 2016 00:24:08
LogInit: Compiled with Visual C++: 19.00.24215.01
LogInit: Build Configuration: Development
LogInit: Branch Name: UE4
LogInit: Command line:  
LogInit: Base directory: C:/Users/Denis/Documents/GitHub/UnrealEngine/Engine/Binaries/Win64/
LogInit: Installed Engine Build: 0
LogInit: Presizing for max 8388607 objects, including 0 objects not considered by GC, pre-allocating 0 bytes for permanent pool.
LogInit: Object subsystem initialized
[2016.10.23-10.50.15:818][  0]LogInit: Selected Device Profile: [Windows]
[2016.10.23-10.50.15:819][  0]LogInit: Applying CVar settings loaded from the selected device profile: [Windows]
[2016.10.23-10.50.15:847][  0]LogInit: Computer: DENIS-ПК
[2016.10.23-10.50.15:847][  0]LogInit: User: Denis
[2016.10.23-10.50.15:847][  0]LogInit: CPU Page size=65536, Cores=2
[2016.10.23-10.50.15:847][  0]LogInit: High frequency timer resolution =1.851328 MHz
[2016.10.23-10.50.15:847][  0]LogMemory: Memory total: Physical=5.9GB (6GB approx)
[2016.10.23-10.50.15:847][  0]LogMemory: Platform Memory Stats for Windows
[2016.10.23-10.50.15:847][  0]LogMemory: Process Physical Memory: 255.37 MB used, 255.37 MB peak
[2016.10.23-10.50.15:847][  0]LogMemory: Process Virtual Memory: 260.88 MB used, 260.88 MB peak
[2016.10.23-10.50.15:847][  0]LogMemory: Physical Memory: 3237.19 MB used, 6036.36 MB total
[2016.10.23-10.50.15:847][  0]LogMemory: Virtual Memory: 576.96 MB used, 8388608.00 MB total
[2016.10.23-10.50.15:914][  0]LogTextLocalizationManager: No translations for ('uk-UA') exist, falling back to 'en' for localization and internationalization data.
[2016.10.23-10.50.17:067][  0]LogD3D11RHI: D3D11 adapters:
[2016.10.23-10.50.17:122][  0]LogD3D11RHI:    0. 'NVIDIA GeForce GT 740M         ' (Feature Level 11_0)
[2016.10.23-10.50.17:122][  0]LogD3D11RHI:       1996/0/2048 MB DedicatedVideo/DedicatedSystem/SharedSystem, Outputs:1, VendorId:0x10de
[2016.10.23-10.50.17:149][  0]LogD3D11RHI:    1. 'NVIDIA GeForce GT 740M         ' (Feature Level 11_0)
[2016.10.23-10.50.17:149][  0]LogD3D11RHI:       1996/0/2048 MB DedicatedVideo/DedicatedSystem/SharedSystem, Outputs:0, VendorId:0x10de
[2016.10.23-10.50.17:149][  0]LogD3D11RHI: Chosen D3D11 Adapter: 0
[2016.10.23-10.50.17:163][  0]LogD3D11RHI: Creating new Direct3DDevice
[2016.10.23-10.50.17:163][  0]LogD3D11RHI:     GPU DeviceId: 0x1292 (for the marketing name, search the web for "GPU Device Id")
[2016.10.23-10.50.17:163][  0]LogWindows: EnumDisplayDevices:
[2016.10.23-10.50.17:163][  0]LogWindows:    0. 'Intel(R) HD Graphics 4000' (P:1 D:1)
[2016.10.23-10.50.17:163][  0]LogWindows:    1. 'Intel(R) HD Graphics 4000' (P:0 D:0)
[2016.10.23-10.50.17:164][  0]LogWindows:    2. 'Intel(R) HD Graphics 4000' (P:0 D:0)
[2016.10.23-10.50.17:164][  0]LogWindows:    3. 'NVIDIA GeForce GT 740M         ' (P:0 D:0)
[2016.10.23-10.50.17:164][  0]LogWindows:    4. 'RDPDD Chained DD' (P:0 D:0)
[2016.10.23-10.50.17:164][  0]LogWindows:    5. 'RDP Encoder Mirror Driver' (P:0 D:0)
[2016.10.23-10.50.17:164][  0]LogWindows:    6. 'RDP Reflector Display Driver' (P:0 D:0)
[2016.10.23-10.50.17:165][  0]LogWindows: DebugString: PrimaryIsNotTheChoosenAdapter PrimaryIsNotTheChoosenAdapter PrimaryIsNotTheChoosenAdapter GetVideoDriverDetailsInvalid PrimaryIsNotTheChoosenAdapter GetVideoDriverDetailsInvalid PrimaryIsNotTheChoosenAdapter GetVideoDriverDetailsInvalid PrimaryIsNotTheChoosenAdapter 
[2016.10.23-10.50.17:165][  0]LogD3D11RHI:     Adapter Name: NVIDIA GeForce GT 740M         
[2016.10.23-10.50.17:165][  0]LogD3D11RHI:   Driver Version: 361.75 (internal:10.18.13.6175, unified:361.75)
[2016.10.23-10.50.17:165][  0]LogD3D11RHI:      Driver Date: 1-22-2016
[2016.10.23-10.50.17:165][  0]LogRHI: Texture pool is 1361 MB (70% of 1945 MB)
[2016.10.23-10.50.17:182][  0]LogD3D11RHI: Async texture creation enabled
[2016.10.23-10.50.17:201][  0]LogD3D11RHI: GPU Timing Frequency: 1000.000000 (Debug: 2 2)
[2016.10.23-10.50.17:201][  0]LogShaderCompilers: Guid format shader working directory is -6 characters bigger than the processId version (../../../../../Unreal Projects/ForbiddenSorcery 4.13/Intermediate/Shaders/WorkingDirectory/6836/).
[2016.10.23-10.50.17:202][  0]LogShaderCompilers: Cleaned the shader compiler working directory 'C:/Users/Denis/AppData/Local/Temp/UnrealShaderWorkingDir/62BB816949903F4281F7138D16D36404/'.
[2016.10.23-10.50.17:215][  0]LogShaderCompilers:Display: Using Local Shader Compiler.
[2016.10.23-10.50.19:558][  0]LogTemp:Display: Loaded TP WindowsTargetPlatform
[2016.10.23-10.50.19:572][  0]LogTemp:Display: Loaded TP WindowsNoEditorTargetPlatform
[2016.10.23-10.50.19:588][  0]LogTemp:Display: Loaded TP WindowsServerTargetPlatform
[2016.10.23-10.50.19:604][  0]LogTemp:Display: Loaded TP WindowsClientTargetPlatform
[2016.10.23-10.50.19:621][  0]LogTemp:Display: Loaded TP AllDesktopTargetPlatform
[2016.10.23-10.50.19:633][  0]LogTemp:Display: Loaded TP AndroidTargetPlatform
[2016.10.23-10.50.19:645][  0]LogTemp:Display: Loaded TP Android_PVRTCTargetPlatform
[2016.10.23-10.50.19:656][  0]LogTemp:Display: Loaded TP Android_ATCTargetPlatform
[2016.10.23-10.50.19:670][  0]LogTemp:Display: Loaded TP Android_DXTTargetPlatform
[2016.10.23-10.50.19:681][  0]LogTemp:Display: Loaded TP Android_ETC1TargetPlatform
[2016.10.23-10.50.19:691][  0]LogTemp:Display: Loaded TP Android_ETC2TargetPlatform
[2016.10.23-10.50.19:700][  0]LogTemp:Display: Loaded TP Android_ASTCTargetPlatform
[2016.10.23-10.50.19:708][  0]LogTemp:Display: Loaded TP Android_MultiTargetPlatform
[2016.10.23-10.50.19:710][  0]LogTemp:Display: Loaded TP HTML5TargetPlatform
[2016.10.23-10.50.19:733][  0]LogTemp:Display: Loaded TP IOSTargetPlatform
[2016.10.23-10.50.19:741][  0]LogTemp:Display: Loaded TP TVOSTargetPlatform
[2016.10.23-10.50.19:741][  0]LogTargetPlatformManager:Display: Building Assets For Windows
[2016.10.23-10.50.19:880][  0]LogDerivedDataCache:Display: Max Cache Size: 512 MB
[2016.10.23-10.50.20:964][  0]LogDerivedDataCache: Loaded boot cache 1.08s 62MB ../../../../../Unreal Projects/ForbiddenSorcery 4.13/DerivedDataCache/Boot.ddc.
[2016.10.23-10.50.20:964][  0]LogDerivedDataCache:Display: Loaded Boot cache: ../../../../../Unreal Projects/ForbiddenSorcery 4.13/DerivedDataCache/Boot.ddc
[2016.10.23-10.50.20:964][  0]LogDerivedDataCache: FDerivedDataBackendGraph:  Pak pak cache file ../../../../../Unreal Projects/ForbiddenSorcery 4.13/DerivedDataCache/DDC.ddp not found, will not use a pak cache.
[2016.10.23-10.50.20:964][  0]LogDerivedDataCache: Unable to find inner node Pak for hierarchical cache Hierarchy.
[2016.10.23-10.50.20:965][  0]LogDerivedDataCache: FDerivedDataBackendGraph:  EnginePak pak cache file ../../../Engine/DerivedDataCache/DDC.ddp not found, will not use a pak cache.
[2016.10.23-10.50.20:965][  0]LogDerivedDataCache: Unable to find inner node EnginePak for hierarchical cache Hierarchy.
[2016.10.23-10.50.20:976][  0]LogDerivedDataCache: Using Local data cache path ../../../Engine/DerivedDataCache: Writable
[2016.10.23-10.50.20:976][  0]LogDerivedDataCache: Shared data cache path not found in *engine.ini, will not use an Shared cache.
[2016.10.23-10.50.20:976][  0]LogDerivedDataCache: Unable to find inner node Shared for hierarchical cache Hierarchy.
[2016.10.23-10.50.21:422][  0]LogInit: Selected Device Profile: [Windows]
[2016.10.23-10.50.21:429][  0]LogMaterial: Uniform references updated for custom material expression Custom.
[2016.10.23-10.50.21:431][  0]LogContentStreaming: Texture pool size is 0.00 MB
[2016.10.23-10.50.21:735][  0]LogMeshUtilities: No automatic mesh reduction module available
[2016.10.23-10.50.21:735][  0]LogMeshUtilities: No automatic mesh merging module available
[2016.10.23-10.50.21:735][  0]LogMeshUtilities: No distributed automatic mesh merging module available
[2016.10.23-10.50.22:405][  0]LogNetVersion: GetLocalNetworkVersion: CL: 0, ProjectName: fs, ProjectVersion: , EngineNetworkVersion: 1, GameNetworkVersion: 0, NetworkChecksum: 420871340
[2016.10.23-10.50.22:471][  0]LogAssetRegistry: FAssetRegistry took 0.0200 seconds to start up
[2016.10.23-10.50.22:494][  0]LogPackageLocalizationCache: Processed 3 localized package path(s) for 1 prioritized culture(s) in 0.017918 seconds
[2016.10.23-10.50.22:504][  0]LogUObjectArray: 29770 objects as part of root set at end of initial load.
[2016.10.23-10.50.22:504][  0]LogUObjectAllocator: 6123640 out of 0 bytes used by permanent object pool.
[2016.10.23-10.50.22:504][  0]LogUObjectArray: CloseDisregardForGC: 0/0 objects in disregard for GC pool
[2016.10.23-10.50.22:513][  0]LogInit: WinSock: version 1.1 (2.2), MaxSocks=32767, MaxUdp=65467
[2016.10.23-10.50.22:998][  0]LogSlate: SlateFontCache - WITH_FREETYPE: 1, WITH_HARFBUZZ: 1
[2016.10.23-10.50.22:998][  0]LogSlate: SlateFontCache - WITH_FREETYPE: 1, WITH_HARFBUZZ: 1
[2016.10.23-10.50.24:192][  0]LogTcpMessaging: Initializing TcpMessaging bridge
[2016.10.23-10.50.24:225][  0]LogUdpMessaging: Initializing bridge on interface 0.0.0.0:0 to multicast group 230.0.0.1:6666.
[2016.10.23-10.50.24:663][  0]SourceControl: Info Source control is disabled
[2016.10.23-10.50.28:169][  0]LogEngine: Initializing Engine...
[2016.10.23-10.50.28:219][  0]LogHMD: Failed to initialize OpenVR with code 110
[2016.10.23-10.50.29:436][  0]LogAIModule: Creating AISystem for world Untitled
[2016.10.23-10.50.29:859][  0]LogInit: XAudio2 using 'Динамики (Устройство с поддержкой High Definition Audio)' : 2 channels at 44.1 kHz using 16 bits per sample (channel mask 0x3)
[2016.10.23-10.50.29:916][  0]LogInit: FAudioDevice initialized.
[2016.10.23-10.50.29:959][  0]LogDerivedDataCache: Saved boot cache 0.04s 62MB ../../../../../Unreal Projects/ForbiddenSorcery 4.13/DerivedDataCache/Boot.ddc.
[2016.10.23-10.50.29:968][  0]LogInit: Texture streaming: Enabled
[2016.10.23-10.50.31:170][  0]LogInit: Transaction tracking system initialized
[2016.10.23-10.50.31:730][  0]BlueprintLog: New page: Editor Load
[2016.10.23-10.50.35:149][  0]LocalizationService: Info Localization service is disabled
[2016.10.23-10.50.37:538][  0]LogConsoleResponse:Display: 
[2016.10.23-10.50.39:177][  0]LogFileCache: Scanning file cache for directory 'C:/Users/Denis/Documents/Unreal Projects/ForbiddenSorcery 4.13/Content/' took 0.01s
[2016.10.23-10.50.39:177][  0]LogCook:Display: Max memory allowance for cook 16384mb min free memory 0mb
[2016.10.23-10.50.39:196][  0]LogCook:Display: Mobile HDR setting 1
[2016.10.23-10.50.41:865][  0]Cmd: MAP LOAD FILE="../../../../../Unreal Projects/ForbiddenSorcery 4.13/Content/StarterContent/Maps/Minimal_Default.umap" TEMPLATE=0 SHOWPROGRESS=1 FEATURELEVEL=3
[2016.10.23-10.50.42:006][  0]LightingResults: New page: Lighting Build
[2016.10.23-10.50.42:277][  0]MapCheck: New page: Map Check
[2016.10.23-10.50.42:277][  0]LightingResults: New page: Lighting Build
[2016.10.23-10.50.46:101][  0]LogAIModule: Creating AISystem for world Minimal_Default
[2016.10.23-10.50.47:692][  0]LogEditorServer: Finished looking for orphan Actors (0.000 secs)
[2016.10.23-10.50.47:811][  0]Cmd: MAP CHECKDEP NOCLEARLOG
[2016.10.23-10.50.47:923][  0]MapCheck: Info Map check complete: 0 Error(s), 0 Warning(s), took 100.042ms to complete.
[2016.10.23-10.50.47:923][  0]LogFileHelpers: Loading map 'Minimal_Default' took 6.093
[2016.10.23-10.50.49:961][  0]LogCollectionManager: Loaded 0 collections in 0.005658 seconds
[2016.10.23-10.50.50:153][  0]LogFileCache: Scanning file cache for directory 'C:/Users/Denis/Documents/Unreal Projects/ForbiddenSorcery 4.13/Saved/Collections/' took 0.01s
[2016.10.23-10.50.50:153][  0]LogFileCache: Scanning file cache for directory 'C:/Users/Denis/Documents/Unreal Projects/ForbiddenSorcery 4.13/Content/Developers/Denis/Collections/' took 0.01s
[2016.10.23-10.50.50:153][  0]LogFileCache: Scanning file cache for directory 'C:/Users/Denis/Documents/Unreal Projects/ForbiddenSorcery 4.13/Content/Collections/' took 0.01s
[2016.10.23-10.50.50:153][  0]LogCollectionManager: Rebuilt the GUID cache for 0 collections in 0.000005 seconds
[2016.10.23-10.50.50:191][  0]LogContentBrowser: Native class hierarchy populated in 0.0358 seconds. Added 2140 classes and 413 folders.
[2016.10.23-10.50.50:259][  0]LogStats: UGameplayTagsManager::ConstructGameplayTagTree: Construct from data asset -  0.000 s
[2016.10.23-10.50.50:259][  0]LogStats: UGameplayTagsManager::ConstructGameplayTagTree: GameplayTagTreeChangedEvent.Broadcast -  0.000 s
[2016.10.23-10.50.50:270][  0]LogContentBrowser: Native class hierarchy updated for 'GameplayTags' in 0.0018 seconds. Added 12 classes and 0 folders.
[2016.10.23-10.50.50:361][  0]LogContentBrowser: Native class hierarchy updated for 'WidgetCarousel' in 0.0012 seconds. Added 0 classes and 0 folders.
[2016.10.23-10.50.51:014][  0]LogFeaturePack:Warning: Error in Feature pack C:/Users/Denis/Documents/GitHub/UnrealEngine/FeaturePacks/TP_VirtualRealityBP.upack. Failed to parse manifest: Comma token expected, but not found. Line: 31 Ch: 13
[2016.10.23-10.50.51:848][  0]LogContentBrowser: Native class hierarchy updated for 'AddContentDialog' in 0.0010 seconds. Added 0 classes and 0 folders.
[2016.10.23-10.50.51:965][  0]LogContentBrowser: Native class hierarchy updated for 'SceneOutliner' in 0.0009 seconds. Added 1 classes and 2 folders.
[2016.10.23-10.50.52:949][  0]LogCrashTracker: Crashtracker disabled due to settings.
[2016.10.23-10.50.53:266][  0]LogUObjectGlobals:Warning: Failed to find object 'Class None.'
[2016.10.23-10.50.53:491][  0]LogContentBrowser: Native class hierarchy updated for 'HierarchicalLODOutliner' in 0.0009 seconds. Added 1 classes and 2 folders.
[2016.10.23-10.50.53:491][  0]LogLoad: (Engine Initialization) Total time: 40.29 seconds
[2016.10.23-10.50.53:491][  0]LogLoad: (Engine Initialization) Total Blueprint compile time: 0.36 seconds
[2016.10.23-10.50.53:491][  0]LogExternalProfiler: No external profilers were discovered.  External profiling features will not be available.
[2016.10.23-10.50.53:581][  0]LogOcInput: OculusInput pre-init called
[2016.10.23-10.50.54:137][  0]SourceControl: Info On branch master
[2016.10.23-10.50.54:137][  0]SourceControl: Info Your branch is up-to-date with 'origin/master'.
[2016.10.23-10.50.54:137][  0]SourceControl: Info Changes not staged for commit:
[2016.10.23-10.50.54:137][  0]SourceControl: Info   (use "git add/rm <file>..." to update what will be committed)
[2016.10.23-10.50.54:137][  0]SourceControl: Info   (use "git checkout -- <file>..." to discard changes in working directory)
[2016.10.23-10.50.54:137][  0]SourceControl: Info 	modified:   Intermediate/CachedAssetRegistry.bin
[2016.10.23-10.50.54:137][  0]SourceControl: Info 	modified:   Saved/AutoScreenshot.png
[2016.10.23-10.50.54:137][  0]SourceControl: Info 	modified:   Saved/Config/Windows/EditorPerProjectUserSettings.ini
[2016.10.23-10.50.54:137][  0]SourceControl: Info 	modified:   Saved/Config/Windows/Engine.ini
[2016.10.23-10.50.54:137][  0]SourceControl: Info 	modified:   Saved/Logs/FS.log
[2016.10.23-10.50.54:138][  0]SourceControl: Info 	deleted:    Saved/Logs/UE4CC-Windows-1D160CF04E3AC630F536B0AF4800F892/CrashReportClient.ini
[2016.10.23-10.50.54:138][  0]SourceControl: Info Untracked files:
[2016.10.23-10.50.54:138][  0]SourceControl: Info   (use "git add <file>..." to include in what will be committed)
[2016.10.23-10.50.54:138][  0]SourceControl: Info 	Saved/Logs/FS-backup-2016.10.23-13.23.09.log
[2016.10.23-10.50.54:138][  0]SourceControl: Info 	Saved/Logs/FS-backup-2016.10.23-13.50.15.log
[2016.10.23-10.50.54:138][  0]SourceControl: Info 	Saved/Logs/UE4CC-Windows-A1F5EE4F42EA9A760554CE986EA4AAB2/
[2016.10.23-10.50.54:138][  0]SourceControl: Info 	Saved/Logs/UE4CC-Windows-AB20A57D48DFAB3048736D855F85749C/
[2016.10.23-10.50.54:138][  0]SourceControl: Info no changes added to commit (use "git add" and/or "git commit -a")
[2016.10.23-10.50.54:162][  0]LogContentStreaming: Texture pool size now 400 MB
[2016.10.23-10.50.55:630][  0]LogRenderer: Reallocating scene render targets to support 812x396 (Frame:2).
[2016.10.23-10.50.56:909][  5]LogAssetRegistry: Asset discovery search completed in 34.4567 seconds
[2016.10.23-10.50.56:923][  5]LogCollectionManager: Rebuilt the object cache for 0 collections in 0.000001 seconds (found 0 objects)
[2016.10.23-10.50.56:923][  5]LogCollectionManager: Fixed up redirectors for 0 collections in 0.014688 seconds (updated 0 objects)
[2016.10.23-10.51.03:397][359]SourceControl: Info On branch master
[2016.10.23-10.51.03:397][359]SourceControl: Info Your branch is up-to-date with 'origin/master'.
[2016.10.23-10.51.03:397][359]SourceControl: Info Changes not staged for commit:
[2016.10.23-10.51.03:397][359]SourceControl: Info   (use "git add/rm <file>..." to update what will be committed)
[2016.10.23-10.51.03:397][359]SourceControl: Info   (use "git checkout -- <file>..." to discard changes in working directory)
[2016.10.23-10.51.03:397][359]SourceControl: Info 	modified:   Intermediate/CachedAssetRegistry.bin
[2016.10.23-10.51.03:397][359]SourceControl: Info 	modified:   Saved/AutoScreenshot.png
[2016.10.23-10.51.03:397][359]SourceControl: Info 	modified:   Saved/Config/Windows/EditorPerProjectUserSettings.ini
[2016.10.23-10.51.03:397][359]SourceControl: Info 	modified:   Saved/Config/Windows/Engine.ini
[2016.10.23-10.51.03:398][359]SourceControl: Info 	modified:   Saved/Logs/FS.log
[2016.10.23-10.51.03:398][359]SourceControl: Info 	deleted:    Saved/Logs/UE4CC-Windows-1D160CF04E3AC630F536B0AF4800F892/CrashReportClient.ini
[2016.10.23-10.51.03:398][359]SourceControl: Info Untracked files:
[2016.10.23-10.51.03:398][359]SourceControl: Info   (use "git add <file>..." to include in what will be committed)
[2016.10.23-10.51.03:398][359]SourceControl: Info 	Saved/Logs/FS-backup-2016.10.23-13.23.09.log
[2016.10.23-10.51.03:398][359]SourceControl: Info 	Saved/Logs/FS-backup-2016.10.23-13.50.15.log
[2016.10.23-10.51.03:398][359]SourceControl: Info 	Saved/Logs/UE4CC-Windows-A1F5EE4F42EA9A760554CE986EA4AAB2/
[2016.10.23-10.51.03:398][359]SourceControl: Info 	Saved/Logs/UE4CC-Windows-AB20A57D48DFAB3048736D855F85749C/
[2016.10.23-10.51.03:398][359]SourceControl: Info no changes added to commit (use "git add" and/or "git commit -a")
[2016.10.23-10.51.07:194][560]LogEditorViewport: Clicking on Actor (LMB): StaticMeshActor (Statue)
[2016.10.23-10.51.10:552][662]LogEditorViewpo